[08/Jun/2026:02:19:59 +0300] 0:0:0:0:0:0:0:1 "POST /v1/tenants HTTP/1.1" 401 - 48674
[08/Jun/2026:02:22:30 +0300] 0:0:0:0:0:0:0:1 "GET /v1/tenants HTTP/1.1" 302 - 23876
[08/Jun/2026:02:22:30 +0300] 0:0:0:0:0:0:0:1 "GET /oauth2/authorization/keycloak HTTP/1.1" 302 - 5503
[08/Jun/2026:02:24:42 +0300] 0:0:0:0:0:0:0:1 "GET /login/oauth2/code/keycloak?state=0pP8-UzkJFaG2ALzk3Bcjj_cVplLecDDaz7BOIqzFLI%3D&session_state=d8c12817-7e55-4578-8d55-0aabf251ca9b&iss=http%3A%2F%2Flocalhost%3A8180%2Frealms%2Freplato-gateway&code=e8e5ef3a-4b24-4f79-8e1a-83aa94595f2d.d8c12817-7e55-4578-8d55-0aabf251ca9b.f638d819-95d2-475b-bc3f-51cbf8212633 HTTP/1.1" 302 - 179844
[08/Jun/2026:02:24:42 +0300] 0:0:0:0:0:0:0:1 "GET /v1/tenants?continue HTTP/1.1" 403 - 5216
[08/Jun/2026:02:42:39 +0300] 127.0.0.1 "GET /v1/tenants HTTP/1.1" 302 - 3879
[08/Jun/2026:02:42:40 +0300] 127.0.0.1 "GET /oauth2/authorization/keycloak HTTP/1.1" 302 - 2056
[08/Jun/2026:02:42:54 +0300] 127.0.0.1 "GET /login/oauth2/code/keycloak?state=dtg_AI0yF6KdyXvN673sVcSfYhOsdr0s-dXsslThwVw%3D&session_state=69552567-f035-4f2f-bd6b-e4c384f31b3a&iss=http%3A%2F%2Flocalhost%3A8180%2Frealms%2Freplato-gateway&code=1e3fe253-0d71-4de4-bce4-3b179d6e62ba.69552567-f035-4f2f-bd6b-e4c384f31b3a.f638d819-95d2-475b-bc3f-51cbf8212633 HTTP/1.1" 302 - 31617
[08/Jun/2026:02:42:54 +0300] 127.0.0.1 "GET /v1/tenants?continue HTTP/1.1" 403 - 2297
[08/Jun/2026:03:05:49 +0300] 0:0:0:0:0:0:0:1 "POST /v1/tenants HTTP/1.1" 401 - 38842
[08/Jun/2026:14:54:04 +0300] 0:0:0:0:0:0:0:1 "POST /v1/tenants HTTP/1.1" 401 - 95589
[08/Jun/2026:14:54:15 +0300] 0:0:0:0:0:0:0:1 "POST /v1/tenants HTTP/1.1" 409 128 481005
[08/Jun/2026:14:54:26 +0300] 0:0:0:0:0:0:0:1 "GET /v1/tenants HTTP/1.1" 200 792 60022
[08/Jun/2026:14:54:58 +0300] 0:0:0:0:0:0:0:1 "GET /v1/tenants/1 HTTP/1.1" 200 133 23892
[08/Jun/2026:14:55:47 +0300] 0:0:0:0:0:0:0:1 "DELETE /v1/tenants/5 HTTP/1.1" 204 - 45190
[08/Jun/2026:14:55:57 +0300] 0:0:0:0:0:0:0:1 "DELETE /v1/tenants/6 HTTP/1.1" 204 - 13412
[08/Jun/2026:14:56:03 +0300] 0:0:0:0:0:0:0:1 "DELETE /v1/tenants/7 HTTP/1.1" 404 130 13350
[08/Jun/2026:14:56:10 +0300] 0:0:0:0:0:0:0:1 "GET /v1/tenants HTTP/1.1" 200 537 11337
[08/Jun/2026:17:24:18 +0300] 0:0:0:0:0:0:0:1 "GET /v1/tenants HTTP/1.1" 200 2 368342
[08/Jun/2026:17:24:26 +0300] 0:0:0:0:0:0:0:1 "GET /v1/tenants/1 HTTP/1.1" 404 130 29748
[08/Jun/2026:17:24:42 +0300] 0:0:0:0:0:0:0:1 "POST /v1/tenants HTTP/1.1" 201 135 708264
[08/Jun/2026:17:57:30 +0300] 0:0:0:0:0:0:0:1 "POST /v1/tenants HTTP/1.1" 409 128 494864
[08/Jun/2026:17:58:35 +0300] 0:0:0:0:0:0:0:1 "DELETE /v1/tenants/7 HTTP/1.1" 204 - 416656
[08/Jun/2026:17:59:32 +0300] 0:0:0:0:0:0:0:1 "GET /v1/tenants HTTP/1.1" 200 2 32715
[08/Jun/2026:17:59:38 +0300] 0:0:0:0:0:0:0:1 "POST /v1/tenants HTTP/1.1" 201 135 175920
[08/Jun/2026:22:00:11 +0300] 0:0:0:0:0:0:0:1 "GET /v1/tenants HTTP/1.1" 403 - 9638
[08/Jun/2026:22:00:22 +0300] 0:0:0:0:0:0:0:1 "GET /v1/tenants HTTP/1.1" 403 - 5046
[08/Jun/2026:22:00:44 +0300] 0:0:0:0:0:0:0:1 "GET /v1/tenants HTTP/1.1" 401 - 4521
[08/Jun/2026:22:01:02 +0300] 0:0:0:0:0:0:0:1 "GET /v1/tenants HTTP/1.1" 200 127 14726
