2026-06-08T02:13:22.419+03:00  INFO 410180 --- [api-gateway] [main] c.l.m.gateway.ApiGatewayApplication      : Starting ApiGatewayApplication using Java 21.0.11 with PID 410180 (/home/hassan/D/work/AI/whatsapp-multi-tenant-SAAS/api-gateway/target/test-classes started by hassan in /home/hassan/D/work/AI/whatsapp-multi-tenant-SAAS)
2026-06-08T02:13:22.423+03:00  INFO 410180 --- [api-gateway] [main] c.l.m.gateway.ApiGatewayApplication      : No active profile set, falling back to 1 default profile: "default"
2026-06-08T02:13:23.227+03:00  INFO 410180 --- [api-gateway] [main] o.s.cloud.context.scope.GenericScope     : BeanFactory id=f01f0fd0-d63b-3c3b-8d68-3719c63423df
2026-06-08T02:13:23.391+03:00  INFO 410180 --- [api-gateway] [main] o.s.boot.tomcat.TomcatWebServer          : Tomcat initialized with port 9000 (http)
2026-06-08T02:13:23.399+03:00  INFO 410180 --- [api-gateway] [main] o.apache.catalina.core.StandardService   : Starting service [Tomcat]
2026-06-08T02:13:23.400+03:00  INFO 410180 --- [api-gateway] [main] o.apache.catalina.core.StandardEngine    : Starting Servlet engine: [Apache Tomcat/11.0.21]
2026-06-08T02:13:23.432+03:00  INFO 410180 --- [api-gateway] [main] b.w.c.s.WebApplicationContextInitializer : Root WebApplicationContext: initialization completed in 977 ms
2026-06-08T02:13:23.681+03:00  WARN 410180 --- [api-gateway] [main] ConfigServletWebServerApplicationContext : Exception encountered during context initialization - cancelling refresh attempt: org.springframework.beans.factory.UnsatisfiedDependencyException: Error creating bean with name 'securityFilterChain' defined in class path resource [com/levosoft/microservice/gateway/config/SecurityConfig.class]: Unsatisfied dependency expressed through method 'securityFilterChain' parameter 0: Error creating bean with name 'org.springframework.security.config.annotation.web.configuration.HttpSecurityConfiguration': Unsatisfied dependency expressed through method 'setContentNegotiationStrategy' parameter 0: Error creating bean with name 'org.springframework.boot.webmvc.autoconfigure.WebMvcAutoConfiguration$EnableWebMvcConfiguration': Unsatisfied dependency expressed through method 'setConfigurers' parameter 0: Error creating bean with name 'org.springframework.security.config.annotation.web.configuration.OAuth2ClientConfiguration$OAuth2ClientWebMvcSecurityConfiguration': Failed to instantiate [org.springframework.security.config.annotation.web.configuration.OAuth2ClientConfiguration$OAuth2ClientWebMvcSecurityConfiguration]: Constructor threw exception
2026-06-08T02:13:23.683+03:00  INFO 410180 --- [api-gateway] [main] o.apache.catalina.core.StandardService   : Stopping service [Tomcat]
2026-06-08T02:13:23.693+03:00  INFO 410180 --- [api-gateway] [main] .s.b.a.l.ConditionEvaluationReportLogger : 

Error starting ApplicationContext. To display the condition evaluation report re-run your application with 'debug' enabled.
2026-06-08T02:13:23.702+03:00 ERROR 410180 --- [api-gateway] [main] o.s.boot.SpringApplication               : Application run failed

org.springframework.beans.factory.UnsatisfiedDependencyException: Error creating bean with name 'securityFilterChain' defined in class path resource [com/levosoft/microservice/gateway/config/SecurityConfig.class]: Unsatisfied dependency expressed through method 'securityFilterChain' parameter 0: Error creating bean with name 'org.springframework.security.config.annotation.web.configuration.HttpSecurityConfiguration': Unsatisfied dependency expressed through method 'setContentNegotiationStrategy' parameter 0: Error creating bean with name 'org.springframework.boot.webmvc.autoconfigure.WebMvcAutoConfiguration$EnableWebMvcConfiguration': Unsatisfied dependency expressed through method 'setConfigurers' parameter 0: Error creating bean with name 'org.springframework.security.config.annotation.web.configuration.OAuth2ClientConfiguration$OAuth2ClientWebMvcSecurityConfiguration': Failed to instantiate [org.springframework.security.config.annotation.web.configuration.OAuth2ClientConfiguration$OAuth2ClientWebMvcSecurityConfiguration]: Constructor threw exception
	at org.springframework.beans.factory.support.ConstructorResolver.createArgumentArray(ConstructorResolver.java:804) ~[spring-beans-7.0.7.jar:7.0.7]
	at org.springframework.beans.factory.support.ConstructorResolver.instantiateUsingFactoryMethod(ConstructorResolver.java:546) ~[spring-beans-7.0.7.jar:7.0.7]
	at org.springframework.beans.factory.support.AbstractAutowireCapableBeanFactory.instantiateUsingFactoryMethod(AbstractAutowireCapableBeanFactory.java:1362) ~[spring-beans-7.0.7.jar:7.0.7]
	at org.springframework.beans.factory.support.AbstractAutowireCapableBeanFactory.createBeanInstance(AbstractAutowireCapableBeanFactory.java:1194) ~[spring-beans-7.0.7.jar:7.0.7]
	at org.springframework.beans.factory.support.AbstractAutowireCapableBeanFactory.doCreateBean(AbstractAutowireCapableBeanFactory.java:565) ~[spring-beans-7.0.7.jar:7.0.7]
	at org.springframework.beans.factory.support.AbstractAutowireCapableBeanFactory.createBean(AbstractAutowireCapableBeanFactory.java:525) ~[spring-beans-7.0.7.jar:7.0.7]
	at org.springframework.beans.factory.support.AbstractBeanFactory.lambda$doGetBean$0(AbstractBeanFactory.java:333) ~[spring-beans-7.0.7.jar:7.0.7]
	at org.springframework.beans.factory.support.DefaultSingletonBeanRegistry.getSingleton(DefaultSingletonBeanRegistry.java:371) ~[spring-beans-7.0.7.jar:7.0.7]
	at org.springframework.beans.factory.support.AbstractBeanFactory.doGetBean(AbstractBeanFactory.java:331) ~[spring-beans-7.0.7.jar:7.0.7]
	at org.springframework.beans.factory.support.AbstractBeanFactory.getBean(AbstractBeanFactory.java:196) ~[spring-beans-7.0.7.jar:7.0.7]
	at org.springframework.beans.factory.support.DefaultListableBeanFactory.instantiateSingleton(DefaultListableBeanFactory.java:1218) ~[spring-beans-7.0.7.jar:7.0.7]
	at org.springframework.beans.factory.support.DefaultListableBeanFactory.preInstantiateSingleton(DefaultListableBeanFactory.java:1184) ~[spring-beans-7.0.7.jar:7.0.7]
	at org.springframework.beans.factory.support.DefaultListableBeanFactory.preInstantiateSingletons(DefaultListableBeanFactory.java:1121) ~[spring-beans-7.0.7.jar:7.0.7]
	at org.springframework.context.support.AbstractApplicationContext.finishBeanFactoryInitialization(AbstractApplicationContext.java:994) ~[spring-context-7.0.7.jar:7.0.7]
	at org.springframework.context.support.AbstractApplicationContext.refresh(AbstractApplicationContext.java:621) ~[spring-context-7.0.7.jar:7.0.7]
	at org.springframework.boot.web.server.servlet.context.ServletWebServerApplicationContext.refresh(ServletWebServerApplicationContext.java:143) ~[spring-boot-web-server-4.0.6.jar:4.0.6]
	at org.springframework.boot.SpringApplication.refresh(SpringApplication.java:756) ~[spring-boot-4.0.6.jar:4.0.6]
	at org.springframework.boot.SpringApplication.refreshContext(SpringApplication.java:445) ~[spring-boot-4.0.6.jar:4.0.6]
	at org.springframework.boot.SpringApplication.run(SpringApplication.java:321) ~[spring-boot-4.0.6.jar:4.0.6]
	at org.springframework.boot.SpringApplication.run(SpringApplication.java:1365) ~[spring-boot-4.0.6.jar:4.0.6]
	at org.springframework.boot.SpringApplication.run(SpringApplication.java:1354) ~[spring-boot-4.0.6.jar:4.0.6]
	at com.levosoft.microservice.gateway.ApiGatewayApplication.main(ApiGatewayApplication.java:10) ~[test-classes/:na]
Caused by: org.springframework.beans.factory.UnsatisfiedDependencyException: Error creating bean with name 'org.springframework.security.config.annotation.web.configuration.HttpSecurityConfiguration': Unsatisfied dependency expressed through method 'setContentNegotiationStrategy' parameter 0: Error creating bean with name 'org.springframework.boot.webmvc.autoconfigure.WebMvcAutoConfiguration$EnableWebMvcConfiguration': Unsatisfied dependency expressed through method 'setConfigurers' parameter 0: Error creating bean with name 'org.springframework.security.config.annotation.web.configuration.OAuth2ClientConfiguration$OAuth2ClientWebMvcSecurityConfiguration': Failed to instantiate [org.springframework.security.config.annotation.web.configuration.OAuth2ClientConfiguration$OAuth2ClientWebMvcSecurityConfiguration]: Constructor threw exception
	at org.springframework.beans.factory.annotation.AutowiredAnnotationBeanPostProcessor$AutowiredMethodElement.resolveMethodArguments(AutowiredAnnotationBeanPostProcessor.java:872) ~[spring-beans-7.0.7.jar:7.0.7]
	at org.springframework.beans.factory.annotation.AutowiredAnnotationBeanPostProcessor$AutowiredMethodElement.inject(AutowiredAnnotationBeanPostProcessor.java:827) ~[spring-beans-7.0.7.jar:7.0.7]
	at org.springframework.beans.factory.annotation.InjectionMetadata.inject(InjectionMetadata.java:146) ~[spring-beans-7.0.7.jar:7.0.7]
	at org.springframework.beans.factory.annotation.AutowiredAnnotationBeanPostProcessor.postProcessProperties(AutowiredAnnotationBeanPostProcessor.java:493) ~[spring-beans-7.0.7.jar:7.0.7]
	at org.springframework.beans.factory.support.AbstractAutowireCapableBeanFactory.populateBean(AbstractAutowireCapableBeanFactory.java:1446) ~[spring-beans-7.0.7.jar:7.0.7]
	at org.springframework.beans.factory.support.AbstractAutowireCapableBeanFactory.doCreateBean(AbstractAutowireCapableBeanFactory.java:602) ~[spring-beans-7.0.7.jar:7.0.7]
	at org.springframework.beans.factory.support.AbstractAutowireCapableBeanFactory.createBean(AbstractAutowireCapableBeanFactory.java:525) ~[spring-beans-7.0.7.jar:7.0.7]
	at org.springframework.beans.factory.support.AbstractBeanFactory.lambda$doGetBean$0(AbstractBeanFactory.java:333) ~[spring-beans-7.0.7.jar:7.0.7]
	at org.springframework.beans.factory.support.DefaultSingletonBeanRegistry.getSingleton(DefaultSingletonBeanRegistry.java:371) ~[spring-beans-7.0.7.jar:7.0.7]
	at org.springframework.beans.factory.support.AbstractBeanFactory.doGetBean(AbstractBeanFactory.java:331) ~[spring-beans-7.0.7.jar:7.0.7]
	at org.springframework.beans.factory.support.AbstractBeanFactory.getBean(AbstractBeanFactory.java:196) ~[spring-beans-7.0.7.jar:7.0.7]
	at org.springframework.beans.factory.support.ConstructorResolver.instantiateUsingFactoryMethod(ConstructorResolver.java:413) ~[spring-beans-7.0.7.jar:7.0.7]
	at org.springframework.beans.factory.support.AbstractAutowireCapableBeanFactory.instantiateUsingFactoryMethod(AbstractAutowireCapableBeanFactory.java:1362) ~[spring-beans-7.0.7.jar:7.0.7]
	at org.springframework.beans.factory.support.AbstractAutowireCapableBeanFactory.createBeanInstance(AbstractAutowireCapableBeanFactory.java:1194) ~[spring-beans-7.0.7.jar:7.0.7]
	at org.springframework.beans.factory.support.AbstractAutowireCapableBeanFactory.doCreateBean(AbstractAutowireCapableBeanFactory.java:565) ~[spring-beans-7.0.7.jar:7.0.7]
	at org.springframework.beans.factory.support.AbstractAutowireCapableBeanFactory.createBean(AbstractAutowireCapableBeanFactory.java:525) ~[spring-beans-7.0.7.jar:7.0.7]
	at org.springframework.beans.factory.support.AbstractBeanFactory.doGetBean(AbstractBeanFactory.java:351) ~[spring-beans-7.0.7.jar:7.0.7]
	at org.springframework.beans.factory.support.AbstractBeanFactory.getBean(AbstractBeanFactory.java:201) ~[spring-beans-7.0.7.jar:7.0.7]
	at org.springframework.beans.factory.config.DependencyDescriptor.resolveCandidate(DependencyDescriptor.java:229) ~[spring-beans-7.0.7.jar:7.0.7]
	at org.springframework.beans.factory.support.DefaultListableBeanFactory.doResolveDependency(DefaultListableBeanFactory.java:1762) ~[spring-beans-7.0.7.jar:7.0.7]
	at org.springframework.beans.factory.support.DefaultListableBeanFactory.resolveDependency(DefaultListableBeanFactory.java:1651) ~[spring-beans-7.0.7.jar:7.0.7]
	at org.springframework.beans.factory.support.ConstructorResolver.resolveAutowiredArgument(ConstructorResolver.java:912) ~[spring-beans-7.0.7.jar:7.0.7]
	at org.springframework.beans.factory.support.ConstructorResolver.createArgumentArray(ConstructorResolver.java:791) ~[spring-beans-7.0.7.jar:7.0.7]
	... 21 common frames omitted
Caused by: org.springframework.beans.factory.UnsatisfiedDependencyException: Error creating bean with name 'org.springframework.boot.webmvc.autoconfigure.WebMvcAutoConfiguration$EnableWebMvcConfiguration': Unsatisfied dependency expressed through method 'setConfigurers' parameter 0: Error creating bean with name 'org.springframework.security.config.annotation.web.configuration.OAuth2ClientConfiguration$OAuth2ClientWebMvcSecurityConfiguration': Failed to instantiate [org.springframework.security.config.annotation.web.configuration.OAuth2ClientConfiguration$OAuth2ClientWebMvcSecurityConfiguration]: Constructor threw exception
	at org.springframework.beans.factory.annotation.AutowiredAnnotationBeanPostProcessor$AutowiredMethodElement.resolveMethodArguments(AutowiredAnnotationBeanPostProcessor.java:872) ~[spring-beans-7.0.7.jar:7.0.7]
	at org.springframework.beans.factory.annotation.AutowiredAnnotationBeanPostProcessor$AutowiredMethodElement.inject(AutowiredAnnotationBeanPostProcessor.java:827) ~[spring-beans-7.0.7.jar:7.0.7]
	at org.springframework.beans.factory.annotation.InjectionMetadata.inject(InjectionMetadata.java:146) ~[spring-beans-7.0.7.jar:7.0.7]
	at org.springframework.beans.factory.annotation.AutowiredAnnotationBeanPostProcessor.postProcessProperties(AutowiredAnnotationBeanPostProcessor.java:493) ~[spring-beans-7.0.7.jar:7.0.7]
	at org.springframework.beans.factory.support.AbstractAutowireCapableBeanFactory.populateBean(AbstractAutowireCapableBeanFactory.java:1446) ~[spring-beans-7.0.7.jar:7.0.7]
	at org.springframework.beans.factory.support.AbstractAutowireCapableBeanFactory.doCreateBean(AbstractAutowireCapableBeanFactory.java:602) ~[spring-beans-7.0.7.jar:7.0.7]
	at org.springframework.beans.factory.support.AbstractAutowireCapableBeanFactory.createBean(AbstractAutowireCapableBeanFactory.java:525) ~[spring-beans-7.0.7.jar:7.0.7]
	at org.springframework.beans.factory.support.AbstractBeanFactory.lambda$doGetBean$0(AbstractBeanFactory.java:333) ~[spring-beans-7.0.7.jar:7.0.7]
	at org.springframework.beans.factory.support.DefaultSingletonBeanRegistry.getSingleton(DefaultSingletonBeanRegistry.java:371) ~[spring-beans-7.0.7.jar:7.0.7]
	at org.springframework.beans.factory.support.AbstractBeanFactory.doGetBean(AbstractBeanFactory.java:331) ~[spring-beans-7.0.7.jar:7.0.7]
	at org.springframework.beans.factory.support.AbstractBeanFactory.getBean(AbstractBeanFactory.java:196) ~[spring-beans-7.0.7.jar:7.0.7]
	at org.springframework.beans.factory.support.ConstructorResolver.instantiateUsingFactoryMethod(ConstructorResolver.java:413) ~[spring-beans-7.0.7.jar:7.0.7]
	at org.springframework.beans.factory.support.AbstractAutowireCapableBeanFactory.instantiateUsingFactoryMethod(AbstractAutowireCapableBeanFactory.java:1362) ~[spring-beans-7.0.7.jar:7.0.7]
	at org.springframework.beans.factory.support.AbstractAutowireCapableBeanFactory.createBeanInstance(AbstractAutowireCapableBeanFactory.java:1194) ~[spring-beans-7.0.7.jar:7.0.7]
	at org.springframework.beans.factory.support.AbstractAutowireCapableBeanFactory.doCreateBean(AbstractAutowireCapableBeanFactory.java:565) ~[spring-beans-7.0.7.jar:7.0.7]
	at org.springframework.beans.factory.support.AbstractAutowireCapableBeanFactory.createBean(AbstractAutowireCapableBeanFactory.java:525) ~[spring-beans-7.0.7.jar:7.0.7]
	at org.springframework.beans.factory.support.AbstractBeanFactory.lambda$doGetBean$0(AbstractBeanFactory.java:333) ~[spring-beans-7.0.7.jar:7.0.7]
	at org.springframework.beans.factory.support.DefaultSingletonBeanRegistry.getSingleton(DefaultSingletonBeanRegistry.java:371) ~[spring-beans-7.0.7.jar:7.0.7]
	at org.springframework.beans.factory.support.AbstractBeanFactory.doGetBean(AbstractBeanFactory.java:331) ~[spring-beans-7.0.7.jar:7.0.7]
	at org.springframework.beans.factory.support.AbstractBeanFactory.getBean(AbstractBeanFactory.java:201) ~[spring-beans-7.0.7.jar:7.0.7]
	at org.springframework.beans.factory.config.DependencyDescriptor.resolveCandidate(DependencyDescriptor.java:229) ~[spring-beans-7.0.7.jar:7.0.7]
	at org.springframework.beans.factory.support.DefaultListableBeanFactory.doResolveDependency(DefaultListableBeanFactory.java:1762) ~[spring-beans-7.0.7.jar:7.0.7]
	at org.springframework.beans.factory.support.DefaultListableBeanFactory.resolveDependency(DefaultListableBeanFactory.java:1651) ~[spring-beans-7.0.7.jar:7.0.7]
	at org.springframework.beans.factory.annotation.AutowiredAnnotationBeanPostProcessor$AutowiredMethodElement.resolveMethodArguments(AutowiredAnnotationBeanPostProcessor.java:864) ~[spring-beans-7.0.7.jar:7.0.7]
	... 43 common frames omitted
Caused by: org.springframework.beans.factory.BeanCreationException: Error creating bean with name 'org.springframework.security.config.annotation.web.configuration.OAuth2ClientConfiguration$OAuth2ClientWebMvcSecurityConfiguration': Failed to instantiate [org.springframework.security.config.annotation.web.configuration.OAuth2ClientConfiguration$OAuth2ClientWebMvcSecurityConfiguration]: Constructor threw exception
	at org.springframework.beans.factory.support.ConstructorResolver.instantiate(ConstructorResolver.java:321) ~[spring-beans-7.0.7.jar:7.0.7]
	at org.springframework.beans.factory.support.ConstructorResolver.autowireConstructor(ConstructorResolver.java:309) ~[spring-beans-7.0.7.jar:7.0.7]
	at org.springframework.beans.factory.support.AbstractAutowireCapableBeanFactory.autowireConstructor(AbstractAutowireCapableBeanFactory.java:1382) ~[spring-beans-7.0.7.jar:7.0.7]
	at org.springframework.beans.factory.support.AbstractAutowireCapableBeanFactory.createBeanInstance(AbstractAutowireCapableBeanFactory.java:1221) ~[spring-beans-7.0.7.jar:7.0.7]
	at org.springframework.beans.factory.support.AbstractAutowireCapableBeanFactory.doCreateBean(AbstractAutowireCapableBeanFactory.java:565) ~[spring-beans-7.0.7.jar:7.0.7]
	at org.springframework.beans.factory.support.AbstractAutowireCapableBeanFactory.createBean(AbstractAutowireCapableBeanFactory.java:525) ~[spring-beans-7.0.7.jar:7.0.7]
	at org.springframework.beans.factory.support.AbstractBeanFactory.lambda$doGetBean$0(AbstractBeanFactory.java:333) ~[spring-beans-7.0.7.jar:7.0.7]
	at org.springframework.beans.factory.support.DefaultSingletonBeanRegistry.getSingleton(DefaultSingletonBeanRegistry.java:371) ~[spring-beans-7.0.7.jar:7.0.7]
	at org.springframework.beans.factory.support.AbstractBeanFactory.doGetBean(AbstractBeanFactory.java:331) ~[spring-beans-7.0.7.jar:7.0.7]
	at org.springframework.beans.factory.support.AbstractBeanFactory.getBean(AbstractBeanFactory.java:201) ~[spring-beans-7.0.7.jar:7.0.7]
	at org.springframework.beans.factory.config.DependencyDescriptor.resolveCandidate(DependencyDescriptor.java:229) ~[spring-beans-7.0.7.jar:7.0.7]
	at org.springframework.beans.factory.support.DefaultListableBeanFactory.addCandidateEntry(DefaultListableBeanFactory.java:2008) ~[spring-beans-7.0.7.jar:7.0.7]
	at org.springframework.beans.factory.support.DefaultListableBeanFactory.findAutowireCandidates(DefaultListableBeanFactory.java:1971) ~[spring-beans-7.0.7.jar:7.0.7]
	at org.springframework.beans.factory.support.DefaultListableBeanFactory.resolveMultipleBeanCollection(DefaultListableBeanFactory.java:1863) ~[spring-beans-7.0.7.jar:7.0.7]
	at org.springframework.beans.factory.support.DefaultListableBeanFactory.resolveMultipleBeans(DefaultListableBeanFactory.java:1833) ~[spring-beans-7.0.7.jar:7.0.7]
	at org.springframework.beans.factory.support.DefaultListableBeanFactory.doResolveDependency(DefaultListableBeanFactory.java:1711) ~[spring-beans-7.0.7.jar:7.0.7]
	at org.springframework.beans.factory.support.DefaultListableBeanFactory.resolveDependency(DefaultListableBeanFactory.java:1651) ~[spring-beans-7.0.7.jar:7.0.7]
	at org.springframework.beans.factory.annotation.AutowiredAnnotationBeanPostProcessor$AutowiredMethodElement.resolveMethodArguments(AutowiredAnnotationBeanPostProcessor.java:864) ~[spring-beans-7.0.7.jar:7.0.7]
	... 66 common frames omitted
Caused by: org.springframework.beans.BeanInstantiationException: Failed to instantiate [org.springframework.security.config.annotation.web.configuration.OAuth2ClientConfiguration$OAuth2ClientWebMvcSecurityConfiguration]: Constructor threw exception
	at org.springframework.beans.BeanUtils.instantiateClass(BeanUtils.java:220) ~[spring-beans-7.0.7.jar:7.0.7]
	at org.springframework.beans.factory.support.SimpleInstantiationStrategy.instantiate(SimpleInstantiationStrategy.java:129) ~[spring-beans-7.0.7.jar:7.0.7]
	at org.springframework.beans.factory.support.ConstructorResolver.instantiate(ConstructorResolver.java:318) ~[spring-beans-7.0.7.jar:7.0.7]
	... 83 common frames omitted
Caused by: org.springframework.beans.factory.BeanCreationException: Error creating bean with name 'OAuth2AuthorizedClientManager': Failed to instantiate [org.springframework.security.oauth2.client.OAuth2AuthorizedClientManager]: Factory method 'getAuthorizedClientManager' threw exception with message: Error creating bean with name 'clientRegistrationRepository' defined in class path resource [org/springframework/boot/security/oauth2/client/autoconfigure/OAuth2ClientConfigurations$ClientRegistrationRepositoryConfiguration.class]: Failed to instantiate [org.springframework.security.oauth2.client.registration.InMemoryClientRegistrationRepository]: Factory method 'clientRegistrationRepository' threw exception with message: Unable to resolve Configuration with the provided Issuer of "http://localhost:8180/realms/replato-gateway"
	at org.springframework.beans.factory.support.ConstructorResolver.instantiate(ConstructorResolver.java:657) ~[spring-beans-7.0.7.jar:7.0.7]
	at org.springframework.beans.factory.support.ConstructorResolver.instantiateUsingFactoryMethod(ConstructorResolver.java:489) ~[spring-beans-7.0.7.jar:7.0.7]
	at org.springframework.beans.factory.support.AbstractAutowireCapableBeanFactory.instantiateUsingFactoryMethod(AbstractAutowireCapableBeanFactory.java:1362) ~[spring-beans-7.0.7.jar:7.0.7]
	at org.springframework.beans.factory.support.AbstractAutowireCapableBeanFactory.createBeanInstance(AbstractAutowireCapableBeanFactory.java:1194) ~[spring-beans-7.0.7.jar:7.0.7]
	at org.springframework.beans.factory.support.AbstractAutowireCapableBeanFactory.doCreateBean(AbstractAutowireCapableBeanFactory.java:565) ~[spring-beans-7.0.7.jar:7.0.7]
	at org.springframework.beans.factory.support.AbstractAutowireCapableBeanFactory.createBean(AbstractAutowireCapableBeanFactory.java:525) ~[spring-beans-7.0.7.jar:7.0.7]
	at org.springframework.beans.factory.support.AbstractBeanFactory.lambda$doGetBean$0(AbstractBeanFactory.java:333) ~[spring-beans-7.0.7.jar:7.0.7]
	at org.springframework.beans.factory.support.DefaultSingletonBeanRegistry.getSingleton(DefaultSingletonBeanRegistry.java:371) ~[spring-beans-7.0.7.jar:7.0.7]
	at org.springframework.beans.factory.support.AbstractBeanFactory.doGetBean(AbstractBeanFactory.java:331) ~[spring-beans-7.0.7.jar:7.0.7]
	at org.springframework.beans.factory.support.AbstractBeanFactory.getBean(AbstractBeanFactory.java:201) ~[spring-beans-7.0.7.jar:7.0.7]
	at org.springframework.beans.factory.config.DependencyDescriptor.resolveCandidate(DependencyDescriptor.java:229) ~[spring-beans-7.0.7.jar:7.0.7]
	at org.springframework.beans.factory.support.DefaultListableBeanFactory.doResolveDependency(DefaultListableBeanFactory.java:1762) ~[spring-beans-7.0.7.jar:7.0.7]
	at org.springframework.beans.factory.support.DefaultListableBeanFactory$DependencyObjectProvider.getIfUnique(DefaultListableBeanFactory.java:2611) ~[spring-beans-7.0.7.jar:7.0.7]
	at org.springframework.security.config.annotation.web.configuration.OAuth2ClientConfiguration$OAuth2ClientWebMvcSecurityConfiguration.<init>(OAuth2ClientConfiguration.java:129) ~[spring-security-config-7.0.5.jar:7.0.5]
	at java.base/jdk.internal.reflect.DirectConstructorHandleAccessor.newInstance(DirectConstructorHandleAccessor.java:62) ~[na:na]
	at java.base/java.lang.reflect.Constructor.newInstanceWithCaller(Constructor.java:502) ~[na:na]
	at java.base/java.lang.reflect.Constructor.newInstance(Constructor.java:486) ~[na:na]
	at org.springframework.beans.BeanUtils.instantiateClass(BeanUtils.java:207) ~[spring-beans-7.0.7.jar:7.0.7]
	... 85 common frames omitted
Caused by: org.springframework.beans.BeanInstantiationException: Failed to instantiate [org.springframework.security.oauth2.client.OAuth2AuthorizedClientManager]: Factory method 'getAuthorizedClientManager' threw exception with message: Error creating bean with name 'clientRegistrationRepository' defined in class path resource [org/springframework/boot/security/oauth2/client/autoconfigure/OAuth2ClientConfigurations$ClientRegistrationRepositoryConfiguration.class]: Failed to instantiate [org.springframework.security.oauth2.client.registration.InMemoryClientRegistrationRepository]: Factory method 'clientRegistrationRepository' threw exception with message: Unable to resolve Configuration with the provided Issuer of "http://localhost:8180/realms/replato-gateway"
	at org.springframework.beans.factory.support.SimpleInstantiationStrategy.lambda$instantiate$0(SimpleInstantiationStrategy.java:183) ~[spring-beans-7.0.7.jar:7.0.7]
	at org.springframework.beans.factory.support.SimpleInstantiationStrategy.instantiateWithFactoryMethod(SimpleInstantiationStrategy.java:72) ~[spring-beans-7.0.7.jar:7.0.7]
	at org.springframework.beans.factory.support.SimpleInstantiationStrategy.instantiate(SimpleInstantiationStrategy.java:152) ~[spring-beans-7.0.7.jar:7.0.7]
	at org.springframework.beans.factory.support.ConstructorResolver.instantiate(ConstructorResolver.java:653) ~[spring-beans-7.0.7.jar:7.0.7]
	... 102 common frames omitted
Caused by: org.springframework.beans.factory.BeanCreationException: Error creating bean with name 'clientRegistrationRepository' defined in class path resource [org/springframework/boot/security/oauth2/client/autoconfigure/OAuth2ClientConfigurations$ClientRegistrationRepositoryConfiguration.class]: Failed to instantiate [org.springframework.security.oauth2.client.registration.InMemoryClientRegistrationRepository]: Factory method 'clientRegistrationRepository' threw exception with message: Unable to resolve Configuration with the provided Issuer of "http://localhost:8180/realms/replato-gateway"
	at org.springframework.beans.factory.support.ConstructorResolver.instantiate(ConstructorResolver.java:657) ~[spring-beans-7.0.7.jar:7.0.7]
	at org.springframework.beans.factory.support.ConstructorResolver.instantiateUsingFactoryMethod(ConstructorResolver.java:645) ~[spring-beans-7.0.7.jar:7.0.7]
	at org.springframework.beans.factory.support.AbstractAutowireCapableBeanFactory.instantiateUsingFactoryMethod(AbstractAutowireCapableBeanFactory.java:1362) ~[spring-beans-7.0.7.jar:7.0.7]
	at org.springframework.beans.factory.support.AbstractAutowireCapableBeanFactory.createBeanInstance(AbstractAutowireCapableBeanFactory.java:1194) ~[spring-beans-7.0.7.jar:7.0.7]
	at org.springframework.beans.factory.support.AbstractAutowireCapableBeanFactory.doCreateBean(AbstractAutowireCapableBeanFactory.java:565) ~[spring-beans-7.0.7.jar:7.0.7]
	at org.springframework.beans.factory.support.AbstractAutowireCapableBeanFactory.createBean(AbstractAutowireCapableBeanFactory.java:525) ~[spring-beans-7.0.7.jar:7.0.7]
	at org.springframework.beans.factory.support.AbstractBeanFactory.lambda$doGetBean$0(AbstractBeanFactory.java:333) ~[spring-beans-7.0.7.jar:7.0.7]
	at org.springframework.beans.factory.support.DefaultSingletonBeanRegistry.getSingleton(DefaultSingletonBeanRegistry.java:371) ~[spring-beans-7.0.7.jar:7.0.7]
	at org.springframework.beans.factory.support.AbstractBeanFactory.doGetBean(AbstractBeanFactory.java:331) ~[spring-beans-7.0.7.jar:7.0.7]
	at org.springframework.beans.factory.support.AbstractBeanFactory.getBean(AbstractBeanFactory.java:201) ~[spring-beans-7.0.7.jar:7.0.7]
	at org.springframework.beans.factory.support.DefaultListableBeanFactory.getBeansOfType(DefaultListableBeanFactory.java:740) ~[spring-beans-7.0.7.jar:7.0.7]
	at org.springframework.beans.factory.BeanFactoryUtils.beansOfTypeIncludingAncestors(BeanFactoryUtils.java:373) ~[spring-beans-7.0.7.jar:7.0.7]
	at org.springframework.beans.factory.BeanFactoryUtils.beanOfTypeIncludingAncestors(BeanFactoryUtils.java:451) ~[spring-beans-7.0.7.jar:7.0.7]
	at org.springframework.security.config.annotation.web.configuration.OAuth2ClientConfiguration$OAuth2AuthorizedClientManagerRegistrar.getAuthorizedClientManager(OAuth2ClientConfiguration.java:221) ~[spring-security-config-7.0.5.jar:7.0.5]
	at java.base/jdk.internal.reflect.DirectMethodHandleAccessor.invoke(DirectMethodHandleAccessor.java:103) ~[na:na]
	at java.base/java.lang.reflect.Method.invoke(Method.java:580) ~[na:na]
	at org.springframework.beans.factory.support.SimpleInstantiationStrategy.lambda$instantiate$0(SimpleInstantiationStrategy.java:155) ~[spring-beans-7.0.7.jar:7.0.7]
	... 105 common frames omitted
Caused by: org.springframework.beans.BeanInstantiationException: Failed to instantiate [org.springframework.security.oauth2.client.registration.InMemoryClientRegistrationRepository]: Factory method 'clientRegistrationRepository' threw exception with message: Unable to resolve Configuration with the provided Issuer of "http://localhost:8180/realms/replato-gateway"
	at org.springframework.beans.factory.support.SimpleInstantiationStrategy.lambda$instantiate$0(SimpleInstantiationStrategy.java:183) ~[spring-beans-7.0.7.jar:7.0.7]
	at org.springframework.beans.factory.support.SimpleInstantiationStrategy.instantiateWithFactoryMethod(SimpleInstantiationStrategy.java:72) ~[spring-beans-7.0.7.jar:7.0.7]
	at org.springframework.beans.factory.support.SimpleInstantiationStrategy.instantiate(SimpleInstantiationStrategy.java:152) ~[spring-beans-7.0.7.jar:7.0.7]
	at org.springframework.beans.factory.support.ConstructorResolver.instantiate(ConstructorResolver.java:653) ~[spring-beans-7.0.7.jar:7.0.7]
	... 121 common frames omitted
Caused by: java.lang.IllegalArgumentException: Unable to resolve Configuration with the provided Issuer of "http://localhost:8180/realms/replato-gateway"
	at org.springframework.security.oauth2.client.registration.ClientRegistrations.getBuilder(ClientRegistrations.java:286) ~[spring-security-oauth2-client-7.0.5.jar:7.0.5]
	at org.springframework.security.oauth2.client.registration.ClientRegistrations.fromIssuerLocation(ClientRegistrations.java:193) ~[spring-security-oauth2-client-7.0.5.jar:7.0.5]
	at org.springframework.boot.security.oauth2.client.autoconfigure.OAuth2ClientPropertiesMapper.getBuilderFromIssuerIfPossible(OAuth2ClientPropertiesMapper.java:99) ~[spring-boot-security-oauth2-client-4.0.6.jar:4.0.6]
	at org.springframework.boot.security.oauth2.client.autoconfigure.OAuth2ClientPropertiesMapper.getClientRegistration(OAuth2ClientPropertiesMapper.java:73) ~[spring-boot-security-oauth2-client-4.0.6.jar:4.0.6]
	at org.springframework.boot.security.oauth2.client.autoconfigure.OAuth2ClientPropertiesMapper.lambda$asClientRegistrations$0(OAuth2ClientPropertiesMapper.java:67) ~[spring-boot-security-oauth2-client-4.0.6.jar:4.0.6]
	at java.base/java.util.HashMap.forEach(HashMap.java:1429) ~[na:na]
	at org.springframework.boot.security.oauth2.client.autoconfigure.OAuth2ClientPropertiesMapper.asClientRegistrations(OAuth2ClientPropertiesMapper.java:66) ~[spring-boot-security-oauth2-client-4.0.6.jar:4.0.6]
	at org.springframework.boot.security.oauth2.client.autoconfigure.OAuth2ClientConfigurations$ClientRegistrationRepositoryConfiguration.clientRegistrationRepository(OAuth2ClientConfigurations.java:50) ~[spring-boot-security-oauth2-client-4.0.6.jar:4.0.6]
	at java.base/jdk.internal.reflect.DirectMethodHandleAccessor.invoke(DirectMethodHandleAccessor.java:103) ~[na:na]
	at java.base/java.lang.reflect.Method.invoke(Method.java:580) ~[na:na]
	at org.springframework.beans.factory.support.SimpleInstantiationStrategy.lambda$instantiate$0(SimpleInstantiationStrategy.java:155) ~[spring-beans-7.0.7.jar:7.0.7]
	... 124 common frames omitted
Caused by: org.springframework.web.client.ResourceAccessException: I/O error on GET request for "http://localhost:8180/realms/replato-gateway/.well-known/openid-configuration": Connection reset
	at org.springframework.web.client.RestTemplate.createResourceAccessException(RestTemplate.java:780) ~[spring-web-7.0.7.jar:7.0.7]
	at org.springframework.web.client.RestTemplate.doExecute(RestTemplate.java:760) ~[spring-web-7.0.7.jar:7.0.7]
	at org.springframework.web.client.RestTemplate.exchange(RestTemplate.java:629) ~[spring-web-7.0.7.jar:7.0.7]
	at org.springframework.security.oauth2.client.registration.ClientRegistrations.lambda$oidc$0(ClientRegistrations.java:201) ~[spring-security-oauth2-client-7.0.5.jar:7.0.5]
	at org.springframework.security.oauth2.client.registration.ClientRegistrations.getBuilder(ClientRegistrations.java:273) ~[spring-security-oauth2-client-7.0.5.jar:7.0.5]
	... 134 common frames omitted
Caused by: java.net.SocketException: Connection reset
	at java.base/sun.nio.ch.NioSocketImpl.implRead(NioSocketImpl.java:318) ~[na:na]
	at java.base/sun.nio.ch.NioSocketImpl.read(NioSocketImpl.java:346) ~[na:na]
	at java.base/sun.nio.ch.NioSocketImpl$1.read(NioSocketImpl.java:796) ~[na:na]
	at java.base/java.net.Socket$SocketInputStream.read(Socket.java:1109) ~[na:na]
	at java.base/java.io.BufferedInputStream.fill(BufferedInputStream.java:291) ~[na:na]
	at java.base/java.io.BufferedInputStream.read1(BufferedInputStream.java:347) ~[na:na]
	at java.base/java.io.BufferedInputStream.implRead(BufferedInputStream.java:420) ~[na:na]
	at java.base/java.io.BufferedInputStream.read(BufferedInputStream.java:399) ~[na:na]
	at java.base/sun.net.www.http.HttpClient.parseHTTPHeader(HttpClient.java:827) ~[na:na]
	at java.base/sun.net.www.http.HttpClient.parseHTTP(HttpClient.java:759) ~[na:na]
	at java.base/sun.net.www.http.HttpClient.parseHTTPHeader(HttpClient.java:952) ~[na:na]
	at java.base/sun.net.www.http.HttpClient.parseHTTP(HttpClient.java:759) ~[na:na]
	at java.base/sun.net.www.protocol.http.HttpURLConnection.getInputStream0(HttpURLConnection.java:1723) ~[na:na]
	at java.base/sun.net.www.protocol.http.HttpURLConnection.getInputStream(HttpURLConnection.java:1632) ~[na:na]
	at java.base/java.net.HttpURLConnection.getResponseCode(HttpURLConnection.java:531) ~[na:na]
	at org.springframework.http.client.SimpleClientHttpRequest.executeInternal(SimpleClientHttpRequest.java:89) ~[spring-web-7.0.7.jar:7.0.7]
	at org.springframework.http.client.AbstractStreamingClientHttpRequest.executeInternal(AbstractStreamingClientHttpRequest.java:87) ~[spring-web-7.0.7.jar:7.0.7]
	at org.springframework.http.client.AbstractClientHttpRequest.execute(AbstractClientHttpRequest.java:80) ~[spring-web-7.0.7.jar:7.0.7]
	at org.springframework.web.client.RestTemplate.doExecute(RestTemplate.java:754) ~[spring-web-7.0.7.jar:7.0.7]
	... 137 common frames omitted

2026-06-08T02:16:42.863+03:00  INFO 410913 --- [api-gateway] [main] c.l.m.gateway.ApiGatewayApplication      : Starting ApiGatewayApplication using Java 21.0.11 with PID 410913 (/home/hassan/D/work/AI/whatsapp-multi-tenant-SAAS/api-gateway/target/test-classes started by hassan in /home/hassan/D/work/AI/whatsapp-multi-tenant-SAAS)
2026-06-08T02:16:42.865+03:00  INFO 410913 --- [api-gateway] [main] c.l.m.gateway.ApiGatewayApplication      : No active profile set, falling back to 1 default profile: "default"
2026-06-08T02:16:43.685+03:00  INFO 410913 --- [api-gateway] [main] o.s.cloud.context.scope.GenericScope     : BeanFactory id=f01f0fd0-d63b-3c3b-8d68-3719c63423df
2026-06-08T02:16:43.871+03:00  INFO 410913 --- [api-gateway] [main] o.s.boot.tomcat.TomcatWebServer          : Tomcat initialized with port 9000 (http)
2026-06-08T02:16:43.881+03:00  INFO 410913 --- [api-gateway] [main] o.apache.catalina.core.StandardService   : Starting service [Tomcat]
2026-06-08T02:16:43.881+03:00  INFO 410913 --- [api-gateway] [main] o.apache.catalina.core.StandardEngine    : Starting Servlet engine: [Apache Tomcat/11.0.21]
2026-06-08T02:16:43.920+03:00  INFO 410913 --- [api-gateway] [main] b.w.c.s.WebApplicationContextInitializer : Root WebApplicationContext: initialization completed in 1028 ms
2026-06-08T02:16:45.145+03:00  INFO 410913 --- [api-gateway] [main] o.s.b.a.e.web.EndpointLinksResolver      : Exposing 1 endpoint beneath base path '/actuator'
2026-06-08T02:16:45.181+03:00  INFO 410913 --- [api-gateway] [main] o.s.boot.tomcat.TomcatWebServer          : Tomcat started on port 9000 (http) with context path '/'
2026-06-08T02:16:45.191+03:00  INFO 410913 --- [api-gateway] [main] c.l.m.gateway.ApiGatewayApplication      : Started ApiGatewayApplication in 2.709 seconds (process running for 3.186)
2026-06-08T02:19:59.275+03:00  INFO 410913 --- [api-gateway] [http-nio-9000-exec-1] o.a.c.c.C.[Tomcat].[localhost].[/]       : Initializing Spring DispatcherServlet 'dispatcherServlet'
2026-06-08T02:19:59.276+03:00  INFO 410913 --- [api-gateway] [http-nio-9000-exec-1] o.s.web.servlet.DispatcherServlet        : Initializing Servlet 'dispatcherServlet'
2026-06-08T02:19:59.278+03:00  INFO 410913 --- [api-gateway] [http-nio-9000-exec-1] o.s.web.servlet.DispatcherServlet        : Completed initialization in 2 ms
2026-06-08T02:44:36.493+03:00  INFO 410913 --- [api-gateway] [SpringApplicationShutdownHook] o.s.boot.tomcat.GracefulShutdown         : Commencing graceful shutdown. Waiting for active requests to complete
2026-06-08T02:44:36.495+03:00  INFO 410913 --- [api-gateway] [tomcat-shutdown] o.s.boot.tomcat.GracefulShutdown         : Graceful shutdown complete
2026-06-08T02:57:42.315+03:00  INFO 420210 --- [api-gateway] [main] c.l.m.gateway.ApiGatewayApplication      : Starting ApiGatewayApplication using Java 21.0.11 with PID 420210 (/home/hassan/D/work/AI/whatsapp-multi-tenant-SAAS/api-gateway/target/test-classes started by hassan in /home/hassan/D/work/AI/whatsapp-multi-tenant-SAAS)
2026-06-08T02:57:42.317+03:00  INFO 420210 --- [api-gateway] [main] c.l.m.gateway.ApiGatewayApplication      : No active profile set, falling back to 1 default profile: "default"
2026-06-08T02:57:43.335+03:00  INFO 420210 --- [api-gateway] [main] o.s.cloud.context.scope.GenericScope     : BeanFactory id=fc6e2d41-24fb-3bde-babb-b96bae731fb9
2026-06-08T02:57:43.498+03:00  INFO 420210 --- [api-gateway] [main] o.s.boot.tomcat.TomcatWebServer          : Tomcat initialized with port 9000 (http)
2026-06-08T02:57:43.507+03:00  INFO 420210 --- [api-gateway] [main] o.apache.catalina.core.StandardService   : Starting service [Tomcat]
2026-06-08T02:57:43.507+03:00  INFO 420210 --- [api-gateway] [main] o.apache.catalina.core.StandardEngine    : Starting Servlet engine: [Apache Tomcat/11.0.21]
2026-06-08T02:57:43.541+03:00  INFO 420210 --- [api-gateway] [main] b.w.c.s.WebApplicationContextInitializer : Root WebApplicationContext: initialization completed in 1193 ms
2026-06-08T02:57:44.442+03:00  INFO 420210 --- [api-gateway] [main] o.s.b.a.e.web.EndpointLinksResolver      : Exposing 1 endpoint beneath base path '/actuator'
2026-06-08T02:57:44.477+03:00  WARN 420210 --- [api-gateway] [main] ConfigServletWebServerApplicationContext : Exception encountered during context initialization - cancelling refresh attempt: org.springframework.context.ApplicationContextException: Failed to start bean 'webServerStartStop'
2026-06-08T02:57:44.491+03:00  INFO 420210 --- [api-gateway] [main] .s.b.a.l.ConditionEvaluationReportLogger : 

Error starting ApplicationContext. To display the condition evaluation report re-run your application with 'debug' enabled.
2026-06-08T02:57:44.499+03:00 ERROR 420210 --- [api-gateway] [main] o.s.b.d.LoggingFailureAnalysisReporter   : 

***************************
APPLICATION FAILED TO START
***************************

Description:

Web server failed to start. Port 9000 was already in use.

Action:

Identify and stop the process that's listening on port 9000 or configure this application to listen on another port.

2026-06-08T03:05:23.791+03:00  INFO 422889 --- [api-gateway] [main] c.l.m.gateway.ApiGatewayApplication      : Starting ApiGatewayApplication using Java 21.0.11 with PID 422889 (/home/hassan/D/work/AI/whatsapp-multi-tenant-SAAS/api-gateway/target/test-classes started by hassan in /home/hassan/D/work/AI/whatsapp-multi-tenant-SAAS)
2026-06-08T03:05:23.794+03:00  INFO 422889 --- [api-gateway] [main] c.l.m.gateway.ApiGatewayApplication      : No active profile set, falling back to 1 default profile: "default"
2026-06-08T03:05:24.709+03:00  INFO 422889 --- [api-gateway] [main] o.s.cloud.context.scope.GenericScope     : BeanFactory id=fc6e2d41-24fb-3bde-babb-b96bae731fb9
2026-06-08T03:05:24.892+03:00  INFO 422889 --- [api-gateway] [main] o.s.boot.tomcat.TomcatWebServer          : Tomcat initialized with port 9000 (http)
2026-06-08T03:05:24.902+03:00  INFO 422889 --- [api-gateway] [main] o.apache.catalina.core.StandardService   : Starting service [Tomcat]
2026-06-08T03:05:24.902+03:00  INFO 422889 --- [api-gateway] [main] o.apache.catalina.core.StandardEngine    : Starting Servlet engine: [Apache Tomcat/11.0.21]
2026-06-08T03:05:24.936+03:00  INFO 422889 --- [api-gateway] [main] b.w.c.s.WebApplicationContextInitializer : Root WebApplicationContext: initialization completed in 1105 ms
2026-06-08T03:05:25.857+03:00  INFO 422889 --- [api-gateway] [main] o.s.b.a.e.web.EndpointLinksResolver      : Exposing 1 endpoint beneath base path '/actuator'
2026-06-08T03:05:25.892+03:00  INFO 422889 --- [api-gateway] [main] o.s.boot.tomcat.TomcatWebServer          : Tomcat started on port 9000 (http) with context path '/'
2026-06-08T03:05:25.901+03:00  INFO 422889 --- [api-gateway] [main] c.l.m.gateway.ApiGatewayApplication      : Started ApiGatewayApplication in 2.471 seconds (process running for 2.831)
2026-06-08T03:05:49.270+03:00  INFO 422889 --- [api-gateway] [http-nio-9000-exec-1] o.a.c.c.C.[Tomcat].[localhost].[/]       : Initializing Spring DispatcherServlet 'dispatcherServlet'
2026-06-08T03:05:49.271+03:00  INFO 422889 --- [api-gateway] [http-nio-9000-exec-1] o.s.web.servlet.DispatcherServlet        : Initializing Servlet 'dispatcherServlet'
2026-06-08T03:05:49.272+03:00  INFO 422889 --- [api-gateway] [http-nio-9000-exec-1] o.s.web.servlet.DispatcherServlet        : Completed initialization in 1 ms
2026-06-08T03:07:37.711+03:00  INFO 422889 --- [api-gateway] [SpringApplicationShutdownHook] o.s.boot.tomcat.GracefulShutdown         : Commencing graceful shutdown. Waiting for active requests to complete
2026-06-08T03:07:37.713+03:00  INFO 422889 --- [api-gateway] [tomcat-shutdown] o.s.boot.tomcat.GracefulShutdown         : Graceful shutdown complete
2026-06-08T14:51:21.504+03:00  INFO 556455 --- [api-gateway] [main] c.l.m.gateway.ApiGatewayApplication      : Starting ApiGatewayApplication using Java 21.0.11 with PID 556455 (/home/hassan/D/work/AI/whatsapp-multi-tenant-SAAS/api-gateway/target/classes started by hassan in /home/hassan/D/work/AI/whatsapp-multi-tenant-SAAS)
2026-06-08T14:51:21.508+03:00  INFO 556455 --- [api-gateway] [main] c.l.m.gateway.ApiGatewayApplication      : No active profile set, falling back to 1 default profile: "default"
2026-06-08T14:51:22.408+03:00  INFO 556455 --- [api-gateway] [main] o.s.cloud.context.scope.GenericScope     : BeanFactory id=fc6e2d41-24fb-3bde-babb-b96bae731fb9
2026-06-08T14:51:22.595+03:00  INFO 556455 --- [api-gateway] [main] o.s.boot.tomcat.TomcatWebServer          : Tomcat initialized with port 9000 (http)
2026-06-08T14:51:22.604+03:00  INFO 556455 --- [api-gateway] [main] o.apache.catalina.core.StandardService   : Starting service [Tomcat]
2026-06-08T14:51:22.604+03:00  INFO 556455 --- [api-gateway] [main] o.apache.catalina.core.StandardEngine    : Starting Servlet engine: [Apache Tomcat/11.0.21]
2026-06-08T14:51:22.646+03:00  INFO 556455 --- [api-gateway] [main] b.w.c.s.WebApplicationContextInitializer : Root WebApplicationContext: initialization completed in 1097 ms
2026-06-08T14:51:23.758+03:00  INFO 556455 --- [api-gateway] [main] o.s.b.a.e.web.EndpointLinksResolver      : Exposing 1 endpoint beneath base path '/actuator'
2026-06-08T14:51:23.792+03:00  WARN 556455 --- [api-gateway] [main] ConfigServletWebServerApplicationContext : Exception encountered during context initialization - cancelling refresh attempt: org.springframework.context.ApplicationContextException: Failed to start bean 'webServerStartStop'
2026-06-08T14:51:23.805+03:00  INFO 556455 --- [api-gateway] [main] .s.b.a.l.ConditionEvaluationReportLogger : 

Error starting ApplicationContext. To display the condition evaluation report re-run your application with 'debug' enabled.
2026-06-08T14:51:23.814+03:00 ERROR 556455 --- [api-gateway] [main] o.s.b.d.LoggingFailureAnalysisReporter   : 

***************************
APPLICATION FAILED TO START
***************************

Description:

Web server failed to start. Port 9000 was already in use.

Action:

Identify and stop the process that's listening on port 9000 or configure this application to listen on another port.

2026-06-08T14:52:22.565+03:00  INFO 556979 --- [api-gateway] [main] c.l.m.gateway.ApiGatewayApplication      : Starting ApiGatewayApplication using Java 21.0.11 with PID 556979 (/home/hassan/D/work/AI/whatsapp-multi-tenant-SAAS/api-gateway/target/classes started by hassan in /home/hassan/D/work/AI/whatsapp-multi-tenant-SAAS)
2026-06-08T14:52:22.567+03:00  INFO 556979 --- [api-gateway] [main] c.l.m.gateway.ApiGatewayApplication      : No active profile set, falling back to 1 default profile: "default"
2026-06-08T14:52:23.414+03:00  INFO 556979 --- [api-gateway] [main] o.s.cloud.context.scope.GenericScope     : BeanFactory id=fc6e2d41-24fb-3bde-babb-b96bae731fb9
2026-06-08T14:52:23.610+03:00  INFO 556979 --- [api-gateway] [main] o.s.boot.tomcat.TomcatWebServer          : Tomcat initialized with port 9000 (http)
2026-06-08T14:52:23.618+03:00  INFO 556979 --- [api-gateway] [main] o.apache.catalina.core.StandardService   : Starting service [Tomcat]
2026-06-08T14:52:23.618+03:00  INFO 556979 --- [api-gateway] [main] o.apache.catalina.core.StandardEngine    : Starting Servlet engine: [Apache Tomcat/11.0.21]
2026-06-08T14:52:23.656+03:00  INFO 556979 --- [api-gateway] [main] b.w.c.s.WebApplicationContextInitializer : Root WebApplicationContext: initialization completed in 1059 ms
2026-06-08T14:52:24.673+03:00  INFO 556979 --- [api-gateway] [main] o.s.b.a.e.web.EndpointLinksResolver      : Exposing 1 endpoint beneath base path '/actuator'
2026-06-08T14:52:24.707+03:00  INFO 556979 --- [api-gateway] [main] o.s.boot.tomcat.TomcatWebServer          : Tomcat started on port 9000 (http) with context path '/'
2026-06-08T14:52:24.717+03:00  INFO 556979 --- [api-gateway] [main] c.l.m.gateway.ApiGatewayApplication      : Started ApiGatewayApplication in 2.548 seconds (process running for 2.961)
2026-06-08T14:54:04.052+03:00  INFO 556979 --- [api-gateway] [http-nio-9000-exec-1] o.a.c.c.C.[Tomcat].[localhost].[/]       : Initializing Spring DispatcherServlet 'dispatcherServlet'
2026-06-08T14:54:04.053+03:00  INFO 556979 --- [api-gateway] [http-nio-9000-exec-1] o.s.web.servlet.DispatcherServlet        : Initializing Servlet 'dispatcherServlet'
2026-06-08T14:54:04.055+03:00  INFO 556979 --- [api-gateway] [http-nio-9000-exec-1] o.s.web.servlet.DispatcherServlet        : Completed initialization in 2 ms
2026-06-08T15:06:58.764+03:00  INFO 556979 --- [api-gateway] [SpringApplicationShutdownHook] o.s.boot.tomcat.GracefulShutdown         : Commencing graceful shutdown. Waiting for active requests to complete
2026-06-08T15:06:58.767+03:00  INFO 556979 --- [api-gateway] [tomcat-shutdown] o.s.boot.tomcat.GracefulShutdown         : Graceful shutdown complete
2026-06-08T15:39:58.897+03:00  INFO 571825 --- [api-gateway] [main] c.l.m.gateway.ApiGatewayApplication      : Starting ApiGatewayApplication using Java 21.0.11 with PID 571825 (/home/hassan/D/work/AI/whatsapp-multi-tenant-SAAS/api-gateway/target/classes started by hassan in /home/hassan/D/work/AI/whatsapp-multi-tenant-SAAS)
2026-06-08T15:39:58.900+03:00  INFO 571825 --- [api-gateway] [main] c.l.m.gateway.ApiGatewayApplication      : No active profile set, falling back to 1 default profile: "default"
2026-06-08T15:40:00.409+03:00  INFO 571825 --- [api-gateway] [main] o.s.cloud.context.scope.GenericScope     : BeanFactory id=fc6e2d41-24fb-3bde-babb-b96bae731fb9
2026-06-08T15:40:00.703+03:00  INFO 571825 --- [api-gateway] [main] o.s.boot.tomcat.TomcatWebServer          : Tomcat initialized with port 9000 (http)
2026-06-08T15:40:00.716+03:00  INFO 571825 --- [api-gateway] [main] o.apache.catalina.core.StandardService   : Starting service [Tomcat]
2026-06-08T15:40:00.716+03:00  INFO 571825 --- [api-gateway] [main] o.apache.catalina.core.StandardEngine    : Starting Servlet engine: [Apache Tomcat/11.0.21]
2026-06-08T15:40:00.777+03:00  INFO 571825 --- [api-gateway] [main] b.w.c.s.WebApplicationContextInitializer : Root WebApplicationContext: initialization completed in 1825 ms
2026-06-08T15:40:02.252+03:00  INFO 571825 --- [api-gateway] [main] o.s.b.a.e.web.EndpointLinksResolver      : Exposing 1 endpoint beneath base path '/actuator'
2026-06-08T15:40:02.311+03:00  INFO 571825 --- [api-gateway] [main] o.s.boot.tomcat.TomcatWebServer          : Tomcat started on port 9000 (http) with context path '/'
2026-06-08T15:40:02.329+03:00  INFO 571825 --- [api-gateway] [main] c.l.m.gateway.ApiGatewayApplication      : Started ApiGatewayApplication in 4.132 seconds (process running for 4.874)
2026-06-08T15:40:57.348+03:00  INFO 571825 --- [api-gateway] [SpringApplicationShutdownHook] o.s.boot.tomcat.GracefulShutdown         : Commencing graceful shutdown. Waiting for active requests to complete
2026-06-08T15:40:57.352+03:00  INFO 571825 --- [api-gateway] [tomcat-shutdown] o.s.boot.tomcat.GracefulShutdown         : Graceful shutdown complete
2026-06-08T17:23:32.208+03:00  INFO 623316 --- [api-gateway] [main] c.l.m.gateway.ApiGatewayApplication      : Starting ApiGatewayApplication using Java 21.0.11 with PID 623316 (/home/hassan/D/work/AI/whatsapp-multi-tenant-SAAS/api-gateway/target/classes started by hassan in /home/hassan/D/work/AI/whatsapp-multi-tenant-SAAS)
2026-06-08T17:23:32.211+03:00  INFO 623316 --- [api-gateway] [main] c.l.m.gateway.ApiGatewayApplication      : No active profile set, falling back to 1 default profile: "default"
2026-06-08T17:23:33.075+03:00  INFO 623316 --- [api-gateway] [main] o.s.cloud.context.scope.GenericScope     : BeanFactory id=fc6e2d41-24fb-3bde-babb-b96bae731fb9
2026-06-08T17:23:33.260+03:00  INFO 623316 --- [api-gateway] [main] o.s.boot.tomcat.TomcatWebServer          : Tomcat initialized with port 9000 (http)
2026-06-08T17:23:33.268+03:00  INFO 623316 --- [api-gateway] [main] o.apache.catalina.core.StandardService   : Starting service [Tomcat]
2026-06-08T17:23:33.268+03:00  INFO 623316 --- [api-gateway] [main] o.apache.catalina.core.StandardEngine    : Starting Servlet engine: [Apache Tomcat/11.0.21]
2026-06-08T17:23:33.310+03:00  INFO 623316 --- [api-gateway] [main] b.w.c.s.WebApplicationContextInitializer : Root WebApplicationContext: initialization completed in 1069 ms
2026-06-08T17:23:34.312+03:00  INFO 623316 --- [api-gateway] [main] o.s.b.a.e.web.EndpointLinksResolver      : Exposing 1 endpoint beneath base path '/actuator'
2026-06-08T17:23:34.355+03:00  INFO 623316 --- [api-gateway] [main] o.s.boot.tomcat.TomcatWebServer          : Tomcat started on port 9000 (http) with context path '/'
2026-06-08T17:23:34.367+03:00  INFO 623316 --- [api-gateway] [main] c.l.m.gateway.ApiGatewayApplication      : Started ApiGatewayApplication in 2.549 seconds (process running for 2.989)
2026-06-08T17:24:18.587+03:00  INFO 623316 --- [api-gateway] [http-nio-9000-exec-1] o.a.c.c.C.[Tomcat].[localhost].[/]       : Initializing Spring DispatcherServlet 'dispatcherServlet'
2026-06-08T17:24:18.587+03:00  INFO 623316 --- [api-gateway] [http-nio-9000-exec-1] o.s.web.servlet.DispatcherServlet        : Initializing Servlet 'dispatcherServlet'
2026-06-08T17:24:18.589+03:00  INFO 623316 --- [api-gateway] [http-nio-9000-exec-1] o.s.web.servlet.DispatcherServlet        : Completed initialization in 1 ms
2026-06-08T17:52:22.343+03:00  INFO 623316 --- [api-gateway] [SpringApplicationShutdownHook] o.s.boot.tomcat.GracefulShutdown         : Commencing graceful shutdown. Waiting for active requests to complete
2026-06-08T17:52:22.346+03:00  INFO 623316 --- [api-gateway] [tomcat-shutdown] o.s.boot.tomcat.GracefulShutdown         : Graceful shutdown complete
2026-06-08T17:56:25.646+03:00  INFO 634377 --- [api-gateway] [main] c.l.m.gateway.ApiGatewayApplication      : Starting ApiGatewayApplication using Java 21.0.11 with PID 634377 (/home/hassan/D/work/AI/whatsapp-multi-tenant-SAAS/api-gateway/target/classes started by hassan in /home/hassan/D/work/AI/whatsapp-multi-tenant-SAAS)
2026-06-08T17:56:25.648+03:00  INFO 634377 --- [api-gateway] [main] c.l.m.gateway.ApiGatewayApplication      : No active profile set, falling back to 1 default profile: "default"
2026-06-08T17:56:26.545+03:00  INFO 634377 --- [api-gateway] [main] o.s.cloud.context.scope.GenericScope     : BeanFactory id=fc6e2d41-24fb-3bde-babb-b96bae731fb9
2026-06-08T17:56:26.727+03:00  INFO 634377 --- [api-gateway] [main] o.s.boot.tomcat.TomcatWebServer          : Tomcat initialized with port 9000 (http)
2026-06-08T17:56:26.735+03:00  INFO 634377 --- [api-gateway] [main] o.apache.catalina.core.StandardService   : Starting service [Tomcat]
2026-06-08T17:56:26.735+03:00  INFO 634377 --- [api-gateway] [main] o.apache.catalina.core.StandardEngine    : Starting Servlet engine: [Apache Tomcat/11.0.21]
2026-06-08T17:56:26.771+03:00  INFO 634377 --- [api-gateway] [main] b.w.c.s.WebApplicationContextInitializer : Root WebApplicationContext: initialization completed in 1096 ms
2026-06-08T17:56:27.739+03:00  INFO 634377 --- [api-gateway] [main] o.s.b.a.e.web.EndpointLinksResolver      : Exposing 1 endpoint beneath base path '/actuator'
2026-06-08T17:56:27.780+03:00  INFO 634377 --- [api-gateway] [main] o.s.boot.tomcat.TomcatWebServer          : Tomcat started on port 9000 (http) with context path '/'
2026-06-08T17:56:27.792+03:00  INFO 634377 --- [api-gateway] [main] c.l.m.gateway.ApiGatewayApplication      : Started ApiGatewayApplication in 2.533 seconds (process running for 2.951)
2026-06-08T17:57:30.466+03:00  INFO 634377 --- [api-gateway] [http-nio-9000-exec-1] o.a.c.c.C.[Tomcat].[localhost].[/]       : Initializing Spring DispatcherServlet 'dispatcherServlet'
2026-06-08T17:57:30.467+03:00  INFO 634377 --- [api-gateway] [http-nio-9000-exec-1] o.s.web.servlet.DispatcherServlet        : Initializing Servlet 'dispatcherServlet'
2026-06-08T17:57:30.468+03:00  INFO 634377 --- [api-gateway] [http-nio-9000-exec-1] o.s.web.servlet.DispatcherServlet        : Completed initialization in 1 ms
