[06/Jun/2026:19:45:52 +0300] 0:0:0:0:0:0:0:1 "GET /swagger-ui.html HTTP/1.1" 302 - 49817
[06/Jun/2026:19:45:52 +0300] 0:0:0:0:0:0:0:1 "GET /oauth2/authorization/keycloak HTTP/1.1" 302 - 4215
[06/Jun/2026:19:46:53 +0300] 0:0:0:0:0:0:0:1 "GET /login/oauth2/code/keycloak?state=lA9HhF3QZRAhQybEezd45W3WZqDYFIoc__O6dUe3_8U%3D&session_state=984c834d-b6f9-47cd-86ae-ea039c7ca046&iss=http%3A%2F%2Flocalhost%3A8180%2Frealms%2Freplato-gateway&code=d5f14727-241e-4d91-983d-44314f7e5e08.984c834d-b6f9-47cd-86ae-ea039c7ca046.f638d819-95d2-475b-bc3f-51cbf8212633 HTTP/1.1" 302 - 90788
[06/Jun/2026:19:46:53 +0300] 0:0:0:0:0:0:0:1 "GET /login?error HTTP/1.1" 200 656 5709
[06/Jun/2026:19:46:53 +0300] 0:0:0:0:0:0:0:1 "GET /default-ui.css HTTP/1.1" 200 3068 3024
[06/Jun/2026:19:46:53 +0300] 0:0:0:0:0:0:0:1 "GET /favicon.ico HTTP/1.1" 302 - 3531
[06/Jun/2026:19:46:53 +0300] 0:0:0:0:0:0:0:1 "GET /oauth2/authorization/keycloak HTTP/1.1" 302 - 2147
[06/Jun/2026:19:46:53 +0300] 0:0:0:0:0:0:0:1 "GET /login/oauth2/code/keycloak?state=ohzy4Yp5Md48m1Lcr6gyxBFe85Y8fkKuyyi2qVXO6Zc%3D&session_state=984c834d-b6f9-47cd-86ae-ea039c7ca046&iss=http%3A%2F%2Flocalhost%3A8180%2Frealms%2Freplato-gateway&code=c4030c85-f974-422a-a344-0cab4b4e8950.984c834d-b6f9-47cd-86ae-ea039c7ca046.f638d819-95d2-475b-bc3f-51cbf8212633 HTTP/1.1" 302 - 8691
[06/Jun/2026:19:46:53 +0300] 0:0:0:0:0:0:0:1 "GET /login?error HTTP/1.1" 200 656 1872
[06/Jun/2026:19:47:03 +0300] 0:0:0:0:0:0:0:1 "GET /oauth2/authorization/keycloak HTTP/1.1" 302 - 2187
[06/Jun/2026:19:47:03 +0300] 0:0:0:0:0:0:0:1 "GET /login/oauth2/code/keycloak?state=9fDBYTduQg7lctKZif4KjOIvMxgBCs7n5LlpLQ8hR9E%3D&session_state=984c834d-b6f9-47cd-86ae-ea039c7ca046&iss=http%3A%2F%2Flocalhost%3A8180%2Frealms%2Freplato-gateway&code=603deba7-5a68-49a7-8740-22a23e49c964.984c834d-b6f9-47cd-86ae-ea039c7ca046.f638d819-95d2-475b-bc3f-51cbf8212633 HTTP/1.1" 302 - 6950
[06/Jun/2026:19:47:03 +0300] 0:0:0:0:0:0:0:1 "GET /login?error HTTP/1.1" 200 656 2006
[06/Jun/2026:19:47:03 +0300] 0:0:0:0:0:0:0:1 "GET /default-ui.css HTTP/1.1" 200 3068 1717
[06/Jun/2026:19:47:03 +0300] 0:0:0:0:0:0:0:1 "GET /favicon.ico HTTP/1.1" 302 - 3074
[06/Jun/2026:19:47:03 +0300] 0:0:0:0:0:0:0:1 "GET /oauth2/authorization/keycloak HTTP/1.1" 302 - 1717
[06/Jun/2026:19:47:03 +0300] 0:0:0:0:0:0:0:1 "GET /login/oauth2/code/keycloak?state=JcQ3Tb3kOe7Xet9ArLcPI_cTW3Sbj8FkPidDanJtmbM%3D&session_state=984c834d-b6f9-47cd-86ae-ea039c7ca046&iss=http%3A%2F%2Flocalhost%3A8180%2Frealms%2Freplato-gateway&code=3e082e47-3904-420c-afd6-725ee8b61f2a.984c834d-b6f9-47cd-86ae-ea039c7ca046.f638d819-95d2-475b-bc3f-51cbf8212633 HTTP/1.1" 302 - 5702
[06/Jun/2026:19:47:03 +0300] 0:0:0:0:0:0:0:1 "GET /login?error HTTP/1.1" 200 656 1560
[06/Jun/2026:19:47:35 +0300] 0:0:0:0:0:0:0:1 "GET /login HTTP/1.1" 200 586 1695
[06/Jun/2026:19:47:35 +0300] 0:0:0:0:0:0:0:1 "GET /default-ui.css HTTP/1.1" 200 3068 1445
[06/Jun/2026:19:47:35 +0300] 0:0:0:0:0:0:0:1 "GET /favicon.ico HTTP/1.1" 302 - 2266
[06/Jun/2026:19:47:35 +0300] 0:0:0:0:0:0:0:1 "GET /oauth2/authorization/keycloak HTTP/1.1" 302 - 2705
[06/Jun/2026:19:47:35 +0300] 0:0:0:0:0:0:0:1 "GET /login/oauth2/code/keycloak?state=E4boikM7AkHQLUEWuFEEmSb8yZMwP9QUip7W8Q-02f4%3D&session_state=984c834d-b6f9-47cd-86ae-ea039c7ca046&iss=http%3A%2F%2Flocalhost%3A8180%2Frealms%2Freplato-gateway&code=dfb2440e-b58a-4d22-b79b-4a3807d6f0d3.984c834d-b6f9-47cd-86ae-ea039c7ca046.f638d819-95d2-475b-bc3f-51cbf8212633 HTTP/1.1" 302 - 6697
[06/Jun/2026:19:47:35 +0300] 0:0:0:0:0:0:0:1 "GET /login?error HTTP/1.1" 200 656 1427
[06/Jun/2026:19:47:43 +0300] 0:0:0:0:0:0:0:1 "GET /oauth2/authorization/keycloak HTTP/1.1" 302 - 1301
[06/Jun/2026:19:47:43 +0300] 0:0:0:0:0:0:0:1 "GET /login/oauth2/code/keycloak?state=zYWiIOKqI3qSOEfUphqXAZr6zsUw8R62MlcLY5EO5DI%3D&session_state=984c834d-b6f9-47cd-86ae-ea039c7ca046&iss=http%3A%2F%2Flocalhost%3A8180%2Frealms%2Freplato-gateway&code=0ddf0b8e-0768-47f4-b80e-f7735eacf51a.984c834d-b6f9-47cd-86ae-ea039c7ca046.f638d819-95d2-475b-bc3f-51cbf8212633 HTTP/1.1" 302 - 7121
[06/Jun/2026:19:47:43 +0300] 0:0:0:0:0:0:0:1 "GET /login?error HTTP/1.1" 200 656 1490
[06/Jun/2026:19:47:43 +0300] 0:0:0:0:0:0:0:1 "GET /default-ui.css HTTP/1.1" 200 3068 2092
[06/Jun/2026:19:47:43 +0300] 0:0:0:0:0:0:0:1 "GET /favicon.ico HTTP/1.1" 302 - 1551
[06/Jun/2026:19:47:43 +0300] 0:0:0:0:0:0:0:1 "GET /oauth2/authorization/keycloak HTTP/1.1" 302 - 1168
[06/Jun/2026:19:47:43 +0300] 0:0:0:0:0:0:0:1 "GET /login/oauth2/code/keycloak?state=9hWf0odBmWtr8gvKcNU7nkbeYey7KuKWupK__b7IWik%3D&session_state=984c834d-b6f9-47cd-86ae-ea039c7ca046&iss=http%3A%2F%2Flocalhost%3A8180%2Frealms%2Freplato-gateway&code=59d229af-4e4d-4506-b0b2-7476d223798e.984c834d-b6f9-47cd-86ae-ea039c7ca046.f638d819-95d2-475b-bc3f-51cbf8212633 HTTP/1.1" 302 - 5625
[06/Jun/2026:19:47:43 +0300] 0:0:0:0:0:0:0:1 "GET /login?error HTTP/1.1" 200 656 1191
[06/Jun/2026:19:47:46 +0300] 0:0:0:0:0:0:0:1 "GET /oauth2/authorization/keycloak HTTP/1.1" 302 - 1791
[06/Jun/2026:19:47:46 +0300] 0:0:0:0:0:0:0:1 "GET /login/oauth2/code/keycloak?state=v43-1e-Wx1wR2cZxMOam2KkJzCglrfGAMeTUxy7co1c%3D&session_state=984c834d-b6f9-47cd-86ae-ea039c7ca046&iss=http%3A%2F%2Flocalhost%3A8180%2Frealms%2Freplato-gateway&code=62e1afb7-4741-475c-b6a8-a2a484c6ffc0.984c834d-b6f9-47cd-86ae-ea039c7ca046.f638d819-95d2-475b-bc3f-51cbf8212633 HTTP/1.1" 302 - 5972
[06/Jun/2026:19:47:46 +0300] 0:0:0:0:0:0:0:1 "GET /login?error HTTP/1.1" 200 656 1360
[06/Jun/2026:19:47:46 +0300] 0:0:0:0:0:0:0:1 "GET /default-ui.css HTTP/1.1" 200 3068 1113
[06/Jun/2026:19:47:46 +0300] 0:0:0:0:0:0:0:1 "GET /favicon.ico HTTP/1.1" 302 - 1688
[06/Jun/2026:19:47:46 +0300] 0:0:0:0:0:0:0:1 "GET /oauth2/authorization/keycloak HTTP/1.1" 302 - 1160
[06/Jun/2026:19:47:46 +0300] 0:0:0:0:0:0:0:1 "GET /login/oauth2/code/keycloak?state=Xg4smHBXcGKqsDmD2kbXq07n6QSaqeXa4GAg6u7OkCU%3D&session_state=984c834d-b6f9-47cd-86ae-ea039c7ca046&iss=http%3A%2F%2Flocalhost%3A8180%2Frealms%2Freplato-gateway&code=5d39076c-5bb1-4b17-8a63-138f40822111.984c834d-b6f9-47cd-86ae-ea039c7ca046.f638d819-95d2-475b-bc3f-51cbf8212633 HTTP/1.1" 302 - 5436
[06/Jun/2026:19:47:46 +0300] 0:0:0:0:0:0:0:1 "GET /login?error HTTP/1.1" 200 656 1653
[06/Jun/2026:19:48:01 +0300] 0:0:0:0:0:0:0:1 "GET /swagger-ui/index.html HTTP/1.1" 302 - 2583
[06/Jun/2026:19:48:01 +0300] 0:0:0:0:0:0:0:1 "GET /oauth2/authorization/keycloak HTTP/1.1" 302 - 2540
[06/Jun/2026:19:48:01 +0300] 0:0:0:0:0:0:0:1 "GET /login/oauth2/code/keycloak?state=9a7sU8w0MoHDL-O-vbo2y56PQXtN2dyZfyxTMSVj1q8%3D&session_state=984c834d-b6f9-47cd-86ae-ea039c7ca046&iss=http%3A%2F%2Flocalhost%3A8180%2Frealms%2Freplato-gateway&code=fbea8965-55a6-4956-a865-f454de6d3b6b.984c834d-b6f9-47cd-86ae-ea039c7ca046.f638d819-95d2-475b-bc3f-51cbf8212633 HTTP/1.1" 302 - 6997
[06/Jun/2026:19:48:01 +0300] 0:0:0:0:0:0:0:1 "GET /login?error HTTP/1.1" 200 656 1942
[06/Jun/2026:19:48:01 +0300] 0:0:0:0:0:0:0:1 "GET /default-ui.css HTTP/1.1" 200 3068 1168
[06/Jun/2026:19:48:01 +0300] 0:0:0:0:0:0:0:1 "GET /favicon.ico HTTP/1.1" 302 - 2183
[06/Jun/2026:19:48:01 +0300] 0:0:0:0:0:0:0:1 "GET /oauth2/authorization/keycloak HTTP/1.1" 302 - 1608
[06/Jun/2026:19:48:01 +0300] 0:0:0:0:0:0:0:1 "GET /login/oauth2/code/keycloak?state=lMXR_Yp2gjAeQU0JaFApY2YqE5MN38EjJk7Oh8f7Li0%3D&session_state=984c834d-b6f9-47cd-86ae-ea039c7ca046&iss=http%3A%2F%2Flocalhost%3A8180%2Frealms%2Freplato-gateway&code=1ba3d2f3-3162-4fee-8481-eb2fb03e3113.984c834d-b6f9-47cd-86ae-ea039c7ca046.f638d819-95d2-475b-bc3f-51cbf8212633 HTTP/1.1" 302 - 6001
[06/Jun/2026:19:48:01 +0300] 0:0:0:0:0:0:0:1 "GET /login?error HTTP/1.1" 200 656 1264
[06/Jun/2026:19:48:33 +0300] 0:0:0:0:0:0:0:1 "GET /swagger-ui.html HTTP/1.1" 302 - 2730
[06/Jun/2026:19:48:33 +0300] 0:0:0:0:0:0:0:1 "GET /oauth2/authorization/keycloak HTTP/1.1" 302 - 1945
[06/Jun/2026:19:48:33 +0300] 0:0:0:0:0:0:0:1 "GET /login/oauth2/code/keycloak?state=KagsLqdDKrnkNQmbuF0JnJ3HgL-eKrtEAgdJ8IURwbs%3D&session_state=984c834d-b6f9-47cd-86ae-ea039c7ca046&iss=http%3A%2F%2Flocalhost%3A8180%2Frealms%2Freplato-gateway&code=316a0178-2634-4241-b795-47b9d1998caf.984c834d-b6f9-47cd-86ae-ea039c7ca046.f638d819-95d2-475b-bc3f-51cbf8212633 HTTP/1.1" 302 - 7352
[06/Jun/2026:19:48:33 +0300] 0:0:0:0:0:0:0:1 "GET /login?error HTTP/1.1" 200 656 2185
[06/Jun/2026:19:48:33 +0300] 0:0:0:0:0:0:0:1 "GET /default-ui.css HTTP/1.1" 200 3068 1442
[06/Jun/2026:19:48:33 +0300] 0:0:0:0:0:0:0:1 "GET /favicon.ico HTTP/1.1" 302 - 1701
[06/Jun/2026:19:48:33 +0300] 0:0:0:0:0:0:0:1 "GET /oauth2/authorization/keycloak HTTP/1.1" 302 - 1135
[06/Jun/2026:19:48:33 +0300] 0:0:0:0:0:0:0:1 "GET /login/oauth2/code/keycloak?state=IVu-8GNMt6Rw0YaCzKuCo1vP2dRXaaJ-XLwvqYEx6K4%3D&session_state=984c834d-b6f9-47cd-86ae-ea039c7ca046&iss=http%3A%2F%2Flocalhost%3A8180%2Frealms%2Freplato-gateway&code=93cb46c0-f737-4fd9-8b35-0f73e345e66d.984c834d-b6f9-47cd-86ae-ea039c7ca046.f638d819-95d2-475b-bc3f-51cbf8212633 HTTP/1.1" 302 - 5220
[06/Jun/2026:19:48:33 +0300] 0:0:0:0:0:0:0:1 "GET /login?error HTTP/1.1" 200 656 1046
[06/Jun/2026:19:48:39 +0300] 0:0:0:0:0:0:0:1 "GET /default-ui.css HTTP/1.1" 200 3068 1183
[06/Jun/2026:19:48:39 +0300] 0:0:0:0:0:0:0:1 "GET /.well-known/appspecific/com.chrome.devtools.json HTTP/1.1" 302 - 1374
[06/Jun/2026:19:48:39 +0300] 0:0:0:0:0:0:0:1 "GET /oauth2/authorization/keycloak HTTP/1.1" 302 - 832
[06/Jun/2026:19:48:39 +0300] 0:0:0:0:0:0:0:1 "GET /login/oauth2/code/keycloak?state=zuYmwcdJiZzUy1snZDIckR68F089MCkJ9kq1PTvCfRo%3D&session_state=984c834d-b6f9-47cd-86ae-ea039c7ca046&iss=http%3A%2F%2Flocalhost%3A8180%2Frealms%2Freplato-gateway&code=03499064-9cbd-4081-bae3-6c2af9d3be03.984c834d-b6f9-47cd-86ae-ea039c7ca046.f638d819-95d2-475b-bc3f-51cbf8212633 HTTP/1.1" 302 - 5457
[06/Jun/2026:19:48:39 +0300] 0:0:0:0:0:0:0:1 "GET /login?error HTTP/1.1" 200 656 1328
[06/Jun/2026:19:48:53 +0300] 0:0:0:0:0:0:0:1 "GET /swagger-ui.html HTTP/1.1" 302 - 2146
[06/Jun/2026:19:48:53 +0300] 0:0:0:0:0:0:0:1 "GET /oauth2/authorization/keycloak HTTP/1.1" 302 - 1660
[06/Jun/2026:19:48:53 +0300] 0:0:0:0:0:0:0:1 "GET /login/oauth2/code/keycloak?state=2Lbbkk8YPXz8ElQWDce6s7yadXDeJHakwfQA_ahuQjs%3D&session_state=984c834d-b6f9-47cd-86ae-ea039c7ca046&iss=http%3A%2F%2Flocalhost%3A8180%2Frealms%2Freplato-gateway&code=4acdec29-0167-47ee-928a-98f1ead97f16.984c834d-b6f9-47cd-86ae-ea039c7ca046.f638d819-95d2-475b-bc3f-51cbf8212633 HTTP/1.1" 302 - 6483
[06/Jun/2026:19:48:53 +0300] 0:0:0:0:0:0:0:1 "GET /login?error HTTP/1.1" 200 656 1480
[06/Jun/2026:19:48:53 +0300] 0:0:0:0:0:0:0:1 "GET /.well-known/appspecific/com.chrome.devtools.json HTTP/1.1" 302 - 1626
[06/Jun/2026:19:48:53 +0300] 0:0:0:0:0:0:0:1 "GET /oauth2/authorization/keycloak HTTP/1.1" 302 - 1694
[06/Jun/2026:19:48:53 +0300] 0:0:0:0:0:0:0:1 "GET /default-ui.css HTTP/1.1" 200 3068 1500
[06/Jun/2026:19:48:53 +0300] 0:0:0:0:0:0:0:1 "GET /favicon.ico HTTP/1.1" 302 - 1630
[06/Jun/2026:19:48:53 +0300] 0:0:0:0:0:0:0:1 "GET /oauth2/authorization/keycloak HTTP/1.1" 302 - 1714
[06/Jun/2026:19:48:53 +0300] 0:0:0:0:0:0:0:1 "GET /login/oauth2/code/keycloak?state=F3Go3NTXqaz05E_1iPVlOK3_rZHiP9G2bWM-JFYjLMI%3D&session_state=984c834d-b6f9-47cd-86ae-ea039c7ca046&iss=http%3A%2F%2Flocalhost%3A8180%2Frealms%2Freplato-gateway&code=63759852-c9a2-4709-a34e-11e6bcd9345f.984c834d-b6f9-47cd-86ae-ea039c7ca046.f638d819-95d2-475b-bc3f-51cbf8212633 HTTP/1.1" 302 - 1114
[06/Jun/2026:19:48:53 +0300] 0:0:0:0:0:0:0:1 "GET /login?error HTTP/1.1" 200 656 1604
[06/Jun/2026:19:48:53 +0300] 0:0:0:0:0:0:0:1 "GET /login/oauth2/code/keycloak?state=CFvBb6gVrGs7iMaUjiMDEFfWpPyW5f4ZuiqeH022dWI%3D&session_state=984c834d-b6f9-47cd-86ae-ea039c7ca046&iss=http%3A%2F%2Flocalhost%3A8180%2Frealms%2Freplato-gateway&code=f6c5e3a6-510d-4c20-8c62-819894e22e9c.984c834d-b6f9-47cd-86ae-ea039c7ca046.f638d819-95d2-475b-bc3f-51cbf8212633 HTTP/1.1" 302 - 5224
[06/Jun/2026:19:48:53 +0300] 0:0:0:0:0:0:0:1 "GET /login?error HTTP/1.1" 200 656 1220
[06/Jun/2026:19:49:07 +0300] 0:0:0:0:0:0:0:1 "GET /swagger-ui.html HTTP/1.1" 302 - 2929
[06/Jun/2026:19:49:07 +0300] 0:0:0:0:0:0:0:1 "GET /oauth2/authorization/keycloak HTTP/1.1" 302 - 1659
[06/Jun/2026:19:49:56 +0300] 0:0:0:0:0:0:0:1 "GET /login/oauth2/code/keycloak?state=DM-O2XxsFmNRZWVav-jjzIfyxgo4iVvFYgw7TnniQko%3D&session_state=7afbca49-8461-41ad-98da-4bb295ca157c&iss=http%3A%2F%2Flocalhost%3A8180%2Frealms%2Freplato-gateway&code=54e4b756-f2a0-44f9-9a46-568871e3bdc4.7afbca49-8461-41ad-98da-4bb295ca157c.f638d819-95d2-475b-bc3f-51cbf8212633 HTTP/1.1" 302 - 7113
[06/Jun/2026:19:49:56 +0300] 0:0:0:0:0:0:0:1 "GET /login?error HTTP/1.1" 200 656 2074
[06/Jun/2026:19:49:56 +0300] 0:0:0:0:0:0:0:1 "GET /default-ui.css HTTP/1.1" 200 3068 1226
[06/Jun/2026:19:49:56 +0300] 0:0:0:0:0:0:0:1 "GET /favicon.ico HTTP/1.1" 302 - 1688
[06/Jun/2026:19:49:56 +0300] 0:0:0:0:0:0:0:1 "GET /oauth2/authorization/keycloak HTTP/1.1" 302 - 1183
[06/Jun/2026:19:49:56 +0300] 0:0:0:0:0:0:0:1 "GET /login/oauth2/code/keycloak?state=KGD06n6dTE7cAv1qCOjGp0PbPriQxSPgAA8-wOx8us4%3D&session_state=7afbca49-8461-41ad-98da-4bb295ca157c&iss=http%3A%2F%2Flocalhost%3A8180%2Frealms%2Freplato-gateway&code=282409ce-2387-42f3-9382-36f7f161d061.7afbca49-8461-41ad-98da-4bb295ca157c.f638d819-95d2-475b-bc3f-51cbf8212633 HTTP/1.1" 302 - 5338
[06/Jun/2026:19:49:56 +0300] 0:0:0:0:0:0:0:1 "GET /login?error HTTP/1.1" 200 656 958
[06/Jun/2026:20:01:13 +0300] 0:0:0:0:0:0:0:1 "GET /swagger-ui.html HTTP/1.1" 302 - 52689
[06/Jun/2026:20:01:13 +0300] 0:0:0:0:0:0:0:1 "GET /oauth2/authorization/keycloak HTTP/1.1" 302 - 4615
[06/Jun/2026:20:01:13 +0300] 0:0:0:0:0:0:0:1 "GET /login/oauth2/code/keycloak?state=jwKZpnA2BAv67hg2XhX-uZzAKI4_alG4nEMMn0gF3yg%3D&session_state=984c834d-b6f9-47cd-86ae-ea039c7ca046&iss=http%3A%2F%2Flocalhost%3A8180%2Frealms%2Freplato-gateway&code=ceb937b2-d637-414a-8878-13297f6e47be.984c834d-b6f9-47cd-86ae-ea039c7ca046.f638d819-95d2-475b-bc3f-51cbf8212633 HTTP/1.1" 302 - 106654
[06/Jun/2026:20:01:13 +0300] 0:0:0:0:0:0:0:1 "GET /swagger-ui.html?continue HTTP/1.1" 302 - 28708
[06/Jun/2026:20:01:13 +0300] 0:0:0:0:0:0:0:1 "GET /swagger-ui/index.html?continue= HTTP/1.1" 200 734 9889
[06/Jun/2026:20:01:13 +0300] 0:0:0:0:0:0:0:1 "GET /swagger-ui/index.css HTTP/1.1" 200 202 4932
[06/Jun/2026:20:01:13 +0300] 0:0:0:0:0:0:0:1 "GET /swagger-ui/swagger-ui.css HTTP/1.1" 200 178890 6074
[06/Jun/2026:20:01:13 +0300] 0:0:0:0:0:0:0:1 "GET /swagger-ui/swagger-ui-bundle.js HTTP/1.1" 200 1526763 13368
[06/Jun/2026:20:01:13 +0300] 0:0:0:0:0:0:0:1 "GET /swagger-ui/swagger-ui-standalone-preset.js HTTP/1.1" 200 251800 4801
[06/Jun/2026:20:01:13 +0300] 0:0:0:0:0:0:0:1 "GET /swagger-ui/swagger-initializer.js HTTP/1.1" 200 608 14264
[06/Jun/2026:20:01:13 +0300] 0:0:0:0:0:0:0:1 "GET /v3/api-docs/swagger-config HTTP/1.1" 200 287 25612
[06/Jun/2026:20:01:13 +0300] 0:0:0:0:0:0:0:1 "GET /v3/api-docs/chat HTTP/1.1" 500 123 18428
