
  .   ____          _            __ _ _
 /\\ / ___'_ __ _ _(_)_ __  __ _ \ \ \ \
( ( )\___ | '_ | '_| | '_ \/ _` | \ \ \ \
 \\/  ___)| |_)| | | | | || (_| |  ) ) ) )
  '  |____| .__|_| |_|_| |_\__, | / / / /
 =========|_|==============|___/=/_/_/_/

 :: Spring Boot ::                (v4.0.6)

2026-06-08T03:13:45.978+03:00  INFO 427258 --- [api-gateway] [           main] c.l.m.gateway.ApiGatewayApplication      : Starting ApiGatewayApplication v0.0.1-SNAPSHOT using Java 21.0.11 with PID 427258 (/home/hassan/D/work/AI/whatsapp-multi-tenant-SAAS/api-gateway/target/api-gateway-0.0.1-SNAPSHOT.jar started by hassan in /home/hassan/D/work/AI/whatsapp-multi-tenant-SAAS/api-gateway)
2026-06-08T03:13:45.981+03:00  INFO 427258 --- [api-gateway] [           main] c.l.m.gateway.ApiGatewayApplication      : No active profile set, falling back to 1 default profile: "default"
2026-06-08T03:13:47.073+03:00  INFO 427258 --- [api-gateway] [           main] o.s.cloud.context.scope.GenericScope     : BeanFactory id=fc6e2d41-24fb-3bde-babb-b96bae731fb9
2026-06-08T03:13:47.318+03:00  INFO 427258 --- [api-gateway] [           main] o.s.boot.tomcat.TomcatWebServer          : Tomcat initialized with port 9000 (http)
2026-06-08T03:13:47.328+03:00  INFO 427258 --- [api-gateway] [           main] o.apache.catalina.core.StandardService   : Starting service [Tomcat]
2026-06-08T03:13:47.328+03:00  INFO 427258 --- [api-gateway] [           main] o.apache.catalina.core.StandardEngine    : Starting Servlet engine: [Apache Tomcat/11.0.21]
2026-06-08T03:13:47.349+03:00  INFO 427258 --- [api-gateway] [           main] b.w.c.s.WebApplicationContextInitializer : Root WebApplicationContext: initialization completed in 1328 ms
2026-06-08T03:13:47.909+03:00 DEBUG 427258 --- [api-gateway] [           main] swordEncoderAuthenticationManagerBuilder : No authenticationProviders and no parentAuthenticationManager defined. Returning null.
2026-06-08T03:13:47.989+03:00 DEBUG 427258 --- [api-gateway] [           main] c.l.m.gateway.config.SecurityConfig      : Route: kafka_ui requires role: SUPER_ADMIN
2026-06-08T03:13:47.990+03:00 DEBUG 427258 --- [api-gateway] [           main] c.l.m.gateway.config.SecurityConfig      :   Predicate args values: [/kafka-ui, /kafka-ui/**]
2026-06-08T03:13:47.990+03:00 DEBUG 427258 --- [api-gateway] [           main] c.l.m.gateway.config.SecurityConfig      :   Extracted paths: [/kafka-ui, /kafka-ui/**]
2026-06-08T03:13:47.991+03:00 DEBUG 427258 --- [api-gateway] [           main] c.l.m.gateway.config.SecurityConfig      :   Registered paths with role: SUPER_ADMIN
2026-06-08T03:13:47.992+03:00 DEBUG 427258 --- [api-gateway] [           main] c.l.m.gateway.config.SecurityConfig      : Route: tenant_administration_service requires role: SUPER_ADMIN
2026-06-08T03:13:47.992+03:00 DEBUG 427258 --- [api-gateway] [           main] c.l.m.gateway.config.SecurityConfig      :   Predicate args values: [/v1/tenants, /v1/tenants/**]
2026-06-08T03:13:47.992+03:00 DEBUG 427258 --- [api-gateway] [           main] c.l.m.gateway.config.SecurityConfig      :   Extracted paths: [/v1/tenants, /v1/tenants/**]
2026-06-08T03:13:47.992+03:00 DEBUG 427258 --- [api-gateway] [           main] c.l.m.gateway.config.SecurityConfig      :   Registered paths with role: SUPER_ADMIN
2026-06-08T03:13:48.083+03:00 DEBUG 427258 --- [api-gateway] [           main] o.s.s.web.DefaultSecurityFilterChain     : Will secure any request with filters: DisableEncodeUrlFilter, WebAsyncManagerIntegrationFilter, SecurityContextHolderFilter, HeaderWriterFilter, LogoutFilter, OAuth2AuthorizationRequestRedirectFilter, OAuth2ProtectedResourceMetadataFilter, OAuth2LoginAuthenticationFilter, DefaultResourcesFilter, DefaultLoginPageGeneratingFilter, DefaultLogoutPageGeneratingFilter, BearerTokenAuthenticationFilter, AuthenticationFilter, RequestCacheAwareFilter, SecurityContextHolderAwareRequestFilter, AnonymousAuthenticationFilter, SessionManagementFilter, ExceptionTranslationFilter, AuthorizationFilter
2026-06-08T03:13:48.632+03:00  INFO 427258 --- [api-gateway] [           main] o.s.b.a.e.web.EndpointLinksResolver      : Exposing 1 endpoint beneath base path '/actuator'
2026-06-08T03:13:48.678+03:00  INFO 427258 --- [api-gateway] [           main] o.s.boot.tomcat.TomcatWebServer          : Tomcat started on port 9000 (http) with context path '/'
2026-06-08T03:13:48.691+03:00  INFO 427258 --- [api-gateway] [           main] c.l.m.gateway.ApiGatewayApplication      : Started ApiGatewayApplication in 3.172 seconds (process running for 3.599)
2026-06-08T03:13:57.143+03:00  INFO 427258 --- [api-gateway] [nio-9000-exec-1] o.a.c.c.C.[Tomcat].[localhost].[/]       : Initializing Spring DispatcherServlet 'dispatcherServlet'
2026-06-08T03:13:57.143+03:00  INFO 427258 --- [api-gateway] [nio-9000-exec-1] o.s.web.servlet.DispatcherServlet        : Initializing Servlet 'dispatcherServlet'
2026-06-08T03:13:57.145+03:00  INFO 427258 --- [api-gateway] [nio-9000-exec-1] o.s.web.servlet.DispatcherServlet        : Completed initialization in 1 ms
2026-06-08T03:13:57.156+03:00 DEBUG 427258 --- [api-gateway] [nio-9000-exec-1] o.s.security.web.FilterChainProxy        : Securing GET /actuator/health
2026-06-08T03:13:57.164+03:00 DEBUG 427258 --- [api-gateway] [nio-9000-exec-1] o.s.s.w.a.AnonymousAuthenticationFilter  : Set SecurityContextHolder to anonymous SecurityContext
2026-06-08T03:13:57.167+03:00 DEBUG 427258 --- [api-gateway] [nio-9000-exec-1] o.s.security.web.FilterChainProxy        : Secured GET /actuator/health
2026-06-08T03:16:37.926+03:00 DEBUG 427258 --- [api-gateway] [nio-9000-exec-2] o.s.security.web.FilterChainProxy        : Securing POST /v1/tenants
2026-06-08T03:16:37.928+03:00 DEBUG 427258 --- [api-gateway] [nio-9000-exec-2] o.s.s.o.s.r.a.JwtAuthenticationProvider  : Failed to authenticate since the JWT was invalid
2026-06-08T03:16:37.929+03:00 DEBUG 427258 --- [api-gateway] [nio-9000-exec-2] o.s.s.authentication.ProviderManager     : Authentication failed with provider JwtAuthenticationProvider since An error occurred while attempting to decode the Jwt: Malformed token
2026-06-08T03:16:39.850+03:00 DEBUG 427258 --- [api-gateway] [nio-9000-exec-3] o.s.security.web.FilterChainProxy        : Securing POST /v1/tenants
2026-06-08T03:16:39.851+03:00 DEBUG 427258 --- [api-gateway] [nio-9000-exec-3] o.s.s.o.s.r.a.JwtAuthenticationProvider  : Failed to authenticate since the JWT was invalid
2026-06-08T03:16:39.851+03:00 DEBUG 427258 --- [api-gateway] [nio-9000-exec-3] o.s.s.authentication.ProviderManager     : Authentication failed with provider JwtAuthenticationProvider since An error occurred while attempting to decode the Jwt: Malformed token
2026-06-08T03:16:52.447+03:00 DEBUG 427258 --- [api-gateway] [nio-9000-exec-4] o.s.security.web.FilterChainProxy        : Securing POST /v1/tenants
2026-06-08T03:16:52.448+03:00 DEBUG 427258 --- [api-gateway] [nio-9000-exec-4] o.s.s.o.s.r.a.JwtAuthenticationProvider  : Failed to authenticate since the JWT was invalid
2026-06-08T03:16:52.448+03:00 DEBUG 427258 --- [api-gateway] [nio-9000-exec-4] o.s.s.authentication.ProviderManager     : Authentication failed with provider JwtAuthenticationProvider since An error occurred while attempting to decode the Jwt: Malformed token
2026-06-08T03:21:08.351+03:00 DEBUG 427258 --- [api-gateway] [nio-9000-exec-5] o.s.security.web.FilterChainProxy        : Securing POST /v1/tenants
2026-06-08T03:21:08.352+03:00 DEBUG 427258 --- [api-gateway] [nio-9000-exec-5] o.s.s.o.s.r.a.JwtAuthenticationProvider  : Failed to authenticate since the JWT was invalid
2026-06-08T03:21:08.352+03:00 DEBUG 427258 --- [api-gateway] [nio-9000-exec-5] o.s.s.authentication.ProviderManager     : Authentication failed with provider JwtAuthenticationProvider since An error occurred while attempting to decode the Jwt: Malformed token
2026-06-08T03:22:18.769+03:00 DEBUG 427258 --- [api-gateway] [nio-9000-exec-6] o.s.security.web.FilterChainProxy        : Securing POST /v1/tenants
2026-06-08T03:22:18.806+03:00 DEBUG 427258 --- [api-gateway] [nio-9000-exec-6] er$RestTemplateWithNimbusDefaultTimeouts : HTTP GET http://localhost:8180/realms/replato-gateway/protocol/openid-connect/certs
2026-06-08T03:22:18.807+03:00 DEBUG 427258 --- [api-gateway] [nio-9000-exec-6] er$RestTemplateWithNimbusDefaultTimeouts : Accept=[text/plain, application/json, application/yaml, application/*+json, */*]
2026-06-08T03:22:18.835+03:00 DEBUG 427258 --- [api-gateway] [nio-9000-exec-6] er$RestTemplateWithNimbusDefaultTimeouts : Response 200 OK
2026-06-08T03:22:18.836+03:00 DEBUG 427258 --- [api-gateway] [nio-9000-exec-6] er$RestTemplateWithNimbusDefaultTimeouts : Reading to [java.lang.String] as "application/json;charset=UTF-8"
2026-06-08T03:22:18.848+03:00 DEBUG 427258 --- [api-gateway] [nio-9000-exec-6] c.l.m.gateway.config.SecurityConfig      : JWT realm_access: {roles=[SUPER_ADMIN, default-roles-replato-gateway, offline_access, uma_authorization]}
2026-06-08T03:22:18.848+03:00 DEBUG 427258 --- [api-gateway] [nio-9000-exec-6] c.l.m.gateway.config.SecurityConfig      : JWT roles: [SUPER_ADMIN, default-roles-replato-gateway, offline_access, uma_authorization]
2026-06-08T03:22:18.849+03:00 DEBUG 427258 --- [api-gateway] [nio-9000-exec-6] c.l.m.gateway.config.SecurityConfig      : Converted authorities: [ROLE_SUPER_ADMIN, ROLE_default-roles-replato-gateway, ROLE_offline_access, ROLE_uma_authorization]
2026-06-08T03:22:18.850+03:00 DEBUG 427258 --- [api-gateway] [nio-9000-exec-6] o.s.s.o.s.r.a.JwtAuthenticationProvider  : Authenticated token
2026-06-08T03:22:18.851+03:00 DEBUG 427258 --- [api-gateway] [nio-9000-exec-6] .s.r.w.a.BearerTokenAuthenticationFilter : Set SecurityContextHolder to JwtAuthenticationToken [Principal=org.springframework.security.oauth2.jwt.Jwt@8fb018c0, Credentials=[PROTECTED], Authenticated=true, Details=WebAuthenticationDetails [RemoteIpAddress=0:0:0:0:0:0:0:1, SessionId=null], Granted Authorities=[ROLE_default-roles-replato-gateway, ROLE_offline_access, ROLE_uma_authorization, ROLE_SUPER_ADMIN, FactorGrantedAuthority [authority=FACTOR_BEARER, issuedAt=2026-06-08T00:22:18.849727598Z]]]
2026-06-08T03:22:18.854+03:00 DEBUG 427258 --- [api-gateway] [nio-9000-exec-6] o.s.security.web.FilterChainProxy        : Secured POST /v1/tenants
2026-06-08T03:22:18.886+03:00 ERROR 427258 --- [api-gateway] [nio-9000-exec-6] o.a.c.c.C.[.[.[/].[dispatcherServlet]    : Servlet.service() for servlet [dispatcherServlet] in context with path [] threw exception [Request processing failed: org.springframework.web.client.ResourceAccessException: I/O error on POST request for "http://localhost:8080/v1/tenants": null] with root cause

java.nio.channels.ClosedChannelException
	at java.base/sun.nio.ch.SocketChannelImpl.ensureOpen(SocketChannelImpl.java:202) ~[na:na]
	at java.base/sun.nio.ch.SocketChannelImpl.beginConnect(SocketChannelImpl.java:786) ~[na:na]
	at java.base/sun.nio.ch.SocketChannelImpl.connect(SocketChannelImpl.java:874) ~[na:na]
	at java.net.http/jdk.internal.net.http.PlainHttpConnection.lambda$connectAsync$1(PlainHttpConnection.java:210) ~[java.net.http:na]
	at java.base/java.security.AccessController.doPrivileged(AccessController.java:571) ~[na:na]
	at java.net.http/jdk.internal.net.http.PlainHttpConnection.connectAsync(PlainHttpConnection.java:212) ~[java.net.http:na]
	at java.net.http/jdk.internal.net.http.PlainHttpConnection.checkRetryConnect(PlainHttpConnection.java:280) ~[java.net.http:na]
	at java.net.http/jdk.internal.net.http.PlainHttpConnection.lambda$connectAsync$2(PlainHttpConnection.java:238) ~[java.net.http:na]
	at java.base/java.util.concurrent.CompletableFuture.uniHandle(CompletableFuture.java:934) ~[na:na]
	at java.base/java.util.concurrent.CompletableFuture$UniHandle.tryFire(CompletableFuture.java:911) ~[na:na]
	at java.base/java.util.concurrent.CompletableFuture.postComplete(CompletableFuture.java:510) ~[na:na]
	at java.base/java.util.concurrent.CompletableFuture$AsyncSupply.run(CompletableFuture.java:1773) ~[na:na]
	at java.base/java.util.concurrent.ThreadPoolExecutor.runWorker(ThreadPoolExecutor.java:1144) ~[na:na]
	at java.base/java.util.concurrent.ThreadPoolExecutor$Worker.run(ThreadPoolExecutor.java:642) ~[na:na]
	at java.base/java.lang.Thread.run(Thread.java:1583) ~[na:na]

2026-06-08T03:22:18.890+03:00 DEBUG 427258 --- [api-gateway] [nio-9000-exec-6] o.s.security.web.FilterChainProxy        : Securing GET /error
2026-06-08T03:22:18.891+03:00 DEBUG 427258 --- [api-gateway] [nio-9000-exec-6] o.s.security.web.FilterChainProxy        : Secured GET /error
2026-06-08T03:22:55.878+03:00 DEBUG 427258 --- [api-gateway] [nio-9000-exec-7] o.s.security.web.FilterChainProxy        : Securing POST /v1/tenants
2026-06-08T03:22:55.878+03:00 DEBUG 427258 --- [api-gateway] [nio-9000-exec-7] o.s.s.o.s.r.a.JwtAuthenticationProvider  : Failed to authenticate since the JWT was invalid
2026-06-08T03:22:55.878+03:00 DEBUG 427258 --- [api-gateway] [nio-9000-exec-7] o.s.s.authentication.ProviderManager     : Authentication failed with provider JwtAuthenticationProvider since An error occurred while attempting to decode the Jwt: Malformed token
.AccessController.doPrivileged(AccessController.java:571) ~[na:na]
	at java.net.http/jdk.internal.net.http.PlainHttpConnection.connectAsync(PlainHttpConnection.java:212) ~[java.net.http:na]
	at java.net.http/jdk.internal.net.http.PlainHttpConnection.checkRetryConnect(PlainHttpConnection.java:280) ~[java.net.http:na]
	at java.net.http/jdk.internal.net.http.PlainHttpConnection.lambda$connectAsync$2(PlainHttpConnection.java:238) ~[java.net.http:na]
	at java.base/java.util.concurrent.CompletableFuture.uniHandle(CompletableFuture.java:934) ~[na:na]
	at java.base/java.util.concurrent.CompletableFuture$UniHandle.tryFire(CompletableFuture.java:911) ~[na:na]
	at java.base/java.util.concurrent.CompletableFuture.postComplete(CompletableFuture.java:510) ~[na:na]
	at java.base/java.util.concurrent.CompletableFuture$AsyncSupply.run(CompletableFuture.java:1773) ~[na:na]
	at java.base/java.util.concurrent.ThreadPoolExecutor.runWorker(ThreadPoolExecutor.java:1144) ~[na:na]
	at java.base/java.util.concurrent.ThreadPoolExecutor$Worker.run(ThreadPoolExecutor.java:642) ~[na:na]
	at java.base/java.lang.Thread.run(Thread.java:1583) ~[na:na]

2026-06-08T03:22:18.890+03:00 DEBUG 427258 --- [api-gateway] [http-nio-9000-exec-6] o.s.security.web.FilterChainProxy        : Securing GET /error
2026-06-08T03:22:18.891+03:00 DEBUG 427258 --- [api-gateway] [http-nio-9000-exec-6] o.s.security.web.FilterChainProxy        : Secured GET /error
2026-06-08T03:22:55.878+03:00 DEBUG 427258 --- [api-gateway] [http-nio-9000-exec-7] o.s.security.web.FilterChainProxy        : Securing POST /v1/tenants
2026-06-08T03:22:55.878+03:00 DEBUG 427258 --- [api-gateway] [http-nio-9000-exec-7] o.s.s.o.s.r.a.JwtAuthenticationProvider  : Failed to authenticate since the JWT was invalid
2026-06-08T03:22:55.878+03:00 DEBUG 427258 --- [api-gateway] [http-nio-9000-exec-7] o.s.s.authentication.ProviderManager     : Authentication failed with provider JwtAuthenticationProvider since An error occurred while attempting to decode the Jwt: Malformed token
2026-06-08T03:28:57.314+03:00  INFO 459906 --- [api-gateway] [main] c.l.m.gateway.ApiGatewayApplication      : Starting ApiGatewayApplication v0.0.1-SNAPSHOT using Java 21.0.11 with PID 459906 (/home/hassan/D/work/AI/whatsapp-multi-tenant-SAAS/api-gateway/target/api-gateway-0.0.1-SNAPSHOT.jar started by hassan in /home/hassan/D/work/AI/whatsapp-multi-tenant-SAAS/api-gateway)
2026-06-08T03:28:57.318+03:00  INFO 459906 --- [api-gateway] [main] c.l.m.gateway.ApiGatewayApplication      : No active profile set, falling back to 1 default profile: "default"
2026-06-08T03:28:58.687+03:00  INFO 459906 --- [api-gateway] [main] o.s.cloud.context.scope.GenericScope     : BeanFactory id=fc6e2d41-24fb-3bde-babb-b96bae731fb9
2026-06-08T03:28:58.946+03:00  INFO 459906 --- [api-gateway] [main] o.s.boot.tomcat.TomcatWebServer          : Tomcat initialized with port 9000 (http)
2026-06-08T03:28:58.956+03:00  INFO 459906 --- [api-gateway] [main] o.apache.catalina.core.StandardService   : Starting service [Tomcat]
2026-06-08T03:28:58.957+03:00  INFO 459906 --- [api-gateway] [main] o.apache.catalina.core.StandardEngine    : Starting Servlet engine: [Apache Tomcat/11.0.21]
2026-06-08T03:28:58.979+03:00  INFO 459906 --- [api-gateway] [main] b.w.c.s.WebApplicationContextInitializer : Root WebApplicationContext: initialization completed in 1619 ms
2026-06-08T03:28:59.565+03:00 DEBUG 459906 --- [api-gateway] [main] swordEncoderAuthenticationManagerBuilder : No authenticationProviders and no parentAuthenticationManager defined. Returning null.
2026-06-08T03:28:59.649+03:00 DEBUG 459906 --- [api-gateway] [main] c.l.m.gateway.config.SecurityConfig      : Route: kafka_ui requires role: SUPER_ADMIN
2026-06-08T03:28:59.650+03:00 DEBUG 459906 --- [api-gateway] [main] c.l.m.gateway.config.SecurityConfig      :   Predicate args values: [/kafka-ui, /kafka-ui/**]
2026-06-08T03:28:59.650+03:00 DEBUG 459906 --- [api-gateway] [main] c.l.m.gateway.config.SecurityConfig      :   Extracted paths: [/kafka-ui, /kafka-ui/**]
2026-06-08T03:28:59.651+03:00 DEBUG 459906 --- [api-gateway] [main] c.l.m.gateway.config.SecurityConfig      :   Registered paths with role: SUPER_ADMIN
2026-06-08T03:28:59.651+03:00 DEBUG 459906 --- [api-gateway] [main] c.l.m.gateway.config.SecurityConfig      : Route: tenant_administration_service requires role: SUPER_ADMIN
2026-06-08T03:28:59.651+03:00 DEBUG 459906 --- [api-gateway] [main] c.l.m.gateway.config.SecurityConfig      :   Predicate args values: [/v1/tenants, /v1/tenants/**]
2026-06-08T03:28:59.652+03:00 DEBUG 459906 --- [api-gateway] [main] c.l.m.gateway.config.SecurityConfig      :   Extracted paths: [/v1/tenants, /v1/tenants/**]
2026-06-08T03:28:59.652+03:00 DEBUG 459906 --- [api-gateway] [main] c.l.m.gateway.config.SecurityConfig      :   Registered paths with role: SUPER_ADMIN
2026-06-08T03:28:59.727+03:00 DEBUG 459906 --- [api-gateway] [main] o.s.s.web.DefaultSecurityFilterChain     : Will secure any request with filters: DisableEncodeUrlFilter, WebAsyncManagerIntegrationFilter, SecurityContextHolderFilter, HeaderWriterFilter, LogoutFilter, OAuth2AuthorizationRequestRedirectFilter, OAuth2ProtectedResourceMetadataFilter, OAuth2LoginAuthenticationFilter, DefaultResourcesFilter, DefaultLoginPageGeneratingFilter, DefaultLogoutPageGeneratingFilter, BearerTokenAuthenticationFilter, AuthenticationFilter, RequestCacheAwareFilter, SecurityContextHolderAwareRequestFilter, AnonymousAuthenticationFilter, SessionManagementFilter, ExceptionTranslationFilter, AuthorizationFilter
2026-06-08T03:29:00.208+03:00  INFO 459906 --- [api-gateway] [main] o.s.b.a.e.web.EndpointLinksResolver      : Exposing 1 endpoint beneath base path '/actuator'
2026-06-08T03:29:00.253+03:00  INFO 459906 --- [api-gateway] [main] o.s.boot.tomcat.TomcatWebServer          : Tomcat started on port 9000 (http) with context path '/'
2026-06-08T03:29:00.272+03:00  INFO 459906 --- [api-gateway] [main] c.l.m.gateway.ApiGatewayApplication      : Started ApiGatewayApplication in 3.438 seconds (process running for 4.032)
2026-06-08T03:29:08.364+03:00  INFO 459906 --- [api-gateway] [http-nio-9000-exec-1] o.a.c.c.C.[Tomcat].[localhost].[/]       : Initializing Spring DispatcherServlet 'dispatcherServlet'
2026-06-08T03:29:08.364+03:00  INFO 459906 --- [api-gateway] [http-nio-9000-exec-1] o.s.web.servlet.DispatcherServlet        : Initializing Servlet 'dispatcherServlet'
2026-06-08T03:29:08.365+03:00  INFO 459906 --- [api-gateway] [http-nio-9000-exec-1] o.s.web.servlet.DispatcherServlet        : Completed initialization in 1 ms
2026-06-08T03:29:08.375+03:00 DEBUG 459906 --- [api-gateway] [http-nio-9000-exec-1] o.s.security.web.FilterChainProxy        : Securing POST /v1/tenants
2026-06-08T03:29:08.418+03:00 DEBUG 459906 --- [api-gateway] [http-nio-9000-exec-1] er$RestTemplateWithNimbusDefaultTimeouts : HTTP GET http://localhost:8180/realms/replato-gateway/protocol/openid-connect/certs
2026-06-08T03:29:08.419+03:00 DEBUG 459906 --- [api-gateway] [http-nio-9000-exec-1] er$RestTemplateWithNimbusDefaultTimeouts : Accept=[text/plain, application/json, application/yaml, application/*+json, */*]
2026-06-08T03:29:08.424+03:00 DEBUG 459906 --- [api-gateway] [http-nio-9000-exec-1] er$RestTemplateWithNimbusDefaultTimeouts : Response 200 OK
2026-06-08T03:29:08.424+03:00 DEBUG 459906 --- [api-gateway] [http-nio-9000-exec-1] er$RestTemplateWithNimbusDefaultTimeouts : Reading to [java.lang.String] as "application/json;charset=UTF-8"
2026-06-08T03:29:08.435+03:00 DEBUG 459906 --- [api-gateway] [http-nio-9000-exec-1] c.l.m.gateway.config.SecurityConfig      : JWT realm_access: {roles=[SUPER_ADMIN, default-roles-replato-gateway, offline_access, uma_authorization]}
2026-06-08T03:29:08.435+03:00 DEBUG 459906 --- [api-gateway] [http-nio-9000-exec-1] c.l.m.gateway.config.SecurityConfig      : JWT roles: [SUPER_ADMIN, default-roles-replato-gateway, offline_access, uma_authorization]
2026-06-08T03:29:08.435+03:00 DEBUG 459906 --- [api-gateway] [http-nio-9000-exec-1] c.l.m.gateway.config.SecurityConfig      : Converted authorities: [ROLE_SUPER_ADMIN, ROLE_default-roles-replato-gateway, ROLE_offline_access, ROLE_uma_authorization]
2026-06-08T03:29:08.436+03:00 DEBUG 459906 --- [api-gateway] [http-nio-9000-exec-1] o.s.s.o.s.r.a.JwtAuthenticationProvider  : Authenticated token
2026-06-08T03:29:08.438+03:00 DEBUG 459906 --- [api-gateway] [http-nio-9000-exec-1] .s.r.w.a.BearerTokenAuthenticationFilter : Set SecurityContextHolder to JwtAuthenticationToken [Principal=org.springframework.security.oauth2.jwt.Jwt@b5ea08bc, Credentials=[PROTECTED], Authenticated=true, Details=WebAuthenticationDetails [RemoteIpAddress=0:0:0:0:0:0:0:1, SessionId=null], Granted Authorities=[ROLE_default-roles-replato-gateway, ROLE_offline_access, ROLE_uma_authorization, FactorGrantedAuthority [authority=FACTOR_BEARER, issuedAt=2026-06-08T00:29:08.436006295Z], ROLE_SUPER_ADMIN]]
2026-06-08T03:29:08.443+03:00 DEBUG 459906 --- [api-gateway] [http-nio-9000-exec-1] o.s.security.web.FilterChainProxy        : Secured POST /v1/tenants
2026-06-08T03:30:31.139+03:00  INFO 461104 --- [api-gateway] [main] c.l.m.gateway.ApiGatewayApplication      : Starting ApiGatewayApplication v0.0.1-SNAPSHOT using Java 21.0.11 with PID 461104 (/home/hassan/D/work/AI/whatsapp-multi-tenant-SAAS/api-gateway/target/api-gateway-0.0.1-SNAPSHOT.jar started by hassan in /home/hassan/D/work/AI/whatsapp-multi-tenant-SAAS/api-gateway)
2026-06-08T03:30:31.143+03:00  INFO 461104 --- [api-gateway] [main] c.l.m.gateway.ApiGatewayApplication      : No active profile set, falling back to 1 default profile: "default"
2026-06-08T03:30:32.696+03:00  INFO 461104 --- [api-gateway] [main] o.s.cloud.context.scope.GenericScope     : BeanFactory id=fc6e2d41-24fb-3bde-babb-b96bae731fb9
2026-06-08T03:30:33.061+03:00  INFO 461104 --- [api-gateway] [main] o.s.boot.tomcat.TomcatWebServer          : Tomcat initialized with port 9000 (http)
2026-06-08T03:30:33.076+03:00  INFO 461104 --- [api-gateway] [main] o.apache.catalina.core.StandardService   : Starting service [Tomcat]
2026-06-08T03:30:33.077+03:00  INFO 461104 --- [api-gateway] [main] o.apache.catalina.core.StandardEngine    : Starting Servlet engine: [Apache Tomcat/11.0.21]
2026-06-08T03:30:33.109+03:00  INFO 461104 --- [api-gateway] [main] b.w.c.s.WebApplicationContextInitializer : Root WebApplicationContext: initialization completed in 1912 ms
2026-06-08T03:30:34.704+03:00  INFO 461104 --- [api-gateway] [main] o.s.b.a.e.web.EndpointLinksResolver      : Exposing 1 endpoint beneath base path '/actuator'
2026-06-08T03:30:34.757+03:00  INFO 461104 --- [api-gateway] [main] o.s.boot.tomcat.TomcatWebServer          : Tomcat started on port 9000 (http) with context path '/'
2026-06-08T03:30:34.771+03:00  INFO 461104 --- [api-gateway] [main] c.l.m.gateway.ApiGatewayApplication      : Started ApiGatewayApplication in 4.183 seconds (process running for 4.709)
2026-06-08T03:30:42.185+03:00  INFO 461104 --- [api-gateway] [http-nio-9000-exec-1] o.a.c.c.C.[Tomcat].[localhost].[/]       : Initializing Spring DispatcherServlet 'dispatcherServlet'
2026-06-08T03:30:42.186+03:00  INFO 461104 --- [api-gateway] [http-nio-9000-exec-1] o.s.web.servlet.DispatcherServlet        : Initializing Servlet 'dispatcherServlet'
2026-06-08T03:30:42.187+03:00  INFO 461104 --- [api-gateway] [http-nio-9000-exec-1] o.s.web.servlet.DispatcherServlet        : Completed initialization in 1 ms
2026-06-08T15:19:32.272+03:00  INFO 564442 --- [api-gateway] [main] c.l.m.g.ApiGatewayApplicationTests       : Starting ApiGatewayApplicationTests using Java 21.0.11 with PID 564442 (started by hassan in /home/hassan/D/work/AI/whatsapp-multi-tenant-SAAS/api-gateway)
2026-06-08T15:19:32.274+03:00  INFO 564442 --- [api-gateway] [main] c.l.m.g.ApiGatewayApplicationTests       : No active profile set, falling back to 1 default profile: "default"
2026-06-08T15:19:33.302+03:00  INFO 564442 --- [api-gateway] [main] o.s.cloud.context.scope.GenericScope     : BeanFactory id=b0bc7f59-5220-3508-8812-f5cdf66a7d4f
2026-06-08T15:19:34.699+03:00  INFO 564442 --- [api-gateway] [main] o.s.b.a.e.web.EndpointLinksResolver      : Exposing 1 endpoint beneath base path '/actuator'
2026-06-08T15:19:34.759+03:00  INFO 564442 --- [api-gateway] [main] c.l.m.g.ApiGatewayApplicationTests       : Started ApiGatewayApplicationTests in 2.75 seconds (process running for 3.632)
2026-06-08T15:20:37.053+03:00  INFO 564955 --- [api-gateway] [main] c.l.m.g.ApiGatewayApplicationTests       : Starting ApiGatewayApplicationTests using Java 21.0.11 with PID 564955 (started by hassan in /home/hassan/D/work/AI/whatsapp-multi-tenant-SAAS/api-gateway)
2026-06-08T15:20:37.055+03:00  INFO 564955 --- [api-gateway] [main] c.l.m.g.ApiGatewayApplicationTests       : No active profile set, falling back to 1 default profile: "default"
2026-06-08T15:20:38.088+03:00  INFO 564955 --- [api-gateway] [main] o.s.cloud.context.scope.GenericScope     : BeanFactory id=b0bc7f59-5220-3508-8812-f5cdf66a7d4f
2026-06-08T15:20:39.509+03:00  INFO 564955 --- [api-gateway] [main] o.s.b.a.e.web.EndpointLinksResolver      : Exposing 1 endpoint beneath base path '/actuator'
2026-06-08T15:20:39.577+03:00  INFO 564955 --- [api-gateway] [main] c.l.m.g.ApiGatewayApplicationTests       : Started ApiGatewayApplicationTests in 2.798 seconds (process running for 3.716)
2026-06-08T15:34:44.893+03:00  INFO 570106 --- [api-gateway] [main] c.l.m.g.ApiGatewayApplicationTests       : Starting ApiGatewayApplicationTests using Java 21.0.11 with PID 570106 (started by hassan in /home/hassan/D/work/AI/whatsapp-multi-tenant-SAAS/api-gateway)
2026-06-08T15:34:44.895+03:00  INFO 570106 --- [api-gateway] [main] c.l.m.g.ApiGatewayApplicationTests       : No active profile set, falling back to 1 default profile: "default"
2026-06-08T15:34:46.747+03:00  INFO 570106 --- [api-gateway] [main] o.s.cloud.context.scope.GenericScope     : BeanFactory id=b0bc7f59-5220-3508-8812-f5cdf66a7d4f
2026-06-08T15:34:49.164+03:00  INFO 570106 --- [api-gateway] [main] o.s.b.a.e.web.EndpointLinksResolver      : Exposing 1 endpoint beneath base path '/actuator'
2026-06-08T15:34:49.266+03:00  INFO 570106 --- [api-gateway] [main] c.l.m.g.ApiGatewayApplicationTests       : Started ApiGatewayApplicationTests in 4.871 seconds (process running for 6.456)
2026-06-08T15:38:06.779+03:00  INFO 571140 --- [api-gateway] [main] c.l.m.g.ApiGatewayApplicationTests       : Starting ApiGatewayApplicationTests using Java 21.0.11 with PID 571140 (started by hassan in /home/hassan/D/work/AI/whatsapp-multi-tenant-SAAS/api-gateway)
2026-06-08T15:38:06.781+03:00  INFO 571140 --- [api-gateway] [main] c.l.m.g.ApiGatewayApplicationTests       : No active profile set, falling back to 1 default profile: "default"
2026-06-08T15:38:08.641+03:00  INFO 571140 --- [api-gateway] [main] o.s.cloud.context.scope.GenericScope     : BeanFactory id=b0bc7f59-5220-3508-8812-f5cdf66a7d4f
2026-06-08T15:38:11.049+03:00  INFO 571140 --- [api-gateway] [main] o.s.b.a.e.web.EndpointLinksResolver      : Exposing 1 endpoint beneath base path '/actuator'
2026-06-08T15:38:11.160+03:00  INFO 571140 --- [api-gateway] [main] c.l.m.g.ApiGatewayApplicationTests       : Started ApiGatewayApplicationTests in 4.875 seconds (process running for 6.516)
